<?xml version="1.0" encoding="UTF-8"?>
<robot generator="Robot 7.4.2 (Python 3.14.3 on win32)" generated="2026-03-26T09:03:55.671697" rpa="false" schemaversion="5">
<suite id="s1" name="Tests" source="C:\Users\danis\OneDrive\Documentos\Scholarship-AWS-AI-Software-Quality-Engineering-Fase02\Documents\Sprint 2\Semana 4\Challenge03\tests">
<suite id="s1-s1" name="Autenticacao" source="C:\Users\danis\OneDrive\Documentos\Scholarship-AWS-AI-Software-Quality-Engineering-Fase02\Documents\Sprint 2\Semana 4\Challenge03\tests\autenticacao.robot">
<kw name="Criar Sessao" owner="base" type="SETUP">
<kw name="Create Session" owner="RequestsLibrary">
<msg time="2026-03-26T09:03:55.785588" level="INFO">Creating Session using : alias=serverest, url=https://compassuol.serverest.dev, headers={},                     cookies={}, auth=None, timeout=None, proxies=None, verify=False,                     debug=0 </msg>
<arg>serverest</arg>
<arg>${BASE_URL}</arg>
<doc>Create Session: create a HTTP session to a server</doc>
<status status="PASS" start="2026-03-26T09:03:55.785459" elapsed="0.000263"/>
</kw>
<doc>Cria uma sessão para a API ServeRest utilizando a URL base definida nas variáveis:</doc>
<status status="PASS" start="2026-03-26T09:03:55.785110" elapsed="0.000675"/>
</kw>
<test id="s1-s1-t1" name="CT-A01 Login válido" line="10">
<kw name="Gerar Email Aleatorio" owner="usuarios">
<kw name="Generate Random String" owner="String">
<msg time="2026-03-26T09:03:55.786658" level="INFO">${random} = kCgnY</msg>
<var>${random}</var>
<arg>5</arg>
<arg>[LETTERS]</arg>
<doc>Generates a string with a desired ``length`` from the given ``chars``.</doc>
<status status="PASS" start="2026-03-26T09:03:55.786475" elapsed="0.000203"/>
</kw>
<kw name="Set Variable" owner="BuiltIn">
<msg time="2026-03-26T09:03:55.786939" level="INFO">${email} = user_kCgnY@email.com</msg>
<var>${email}</var>
<arg>user_${random}@email.com</arg>
<doc>Returns the given values which can then be assigned to a variables.</doc>
<status status="PASS" start="2026-03-26T09:03:55.786746" elapsed="0.000207"/>
</kw>
<return>
<value>${email}</value>
<status status="PASS" start="2026-03-26T09:03:55.786985" elapsed="0.000031"/>
</return>
<msg time="2026-03-26T09:03:55.787084" level="INFO">${email} = user_kCgnY@email.com</msg>
<var>${email}</var>
<doc>Gera um email aleatório para uso nos testes de criação de usuários:</doc>
<status status="PASS" start="2026-03-26T09:03:55.786318" elapsed="0.000778"/>
</kw>
<kw name="Criar Usuario" owner="usuarios">
<kw name="Generate Random String" owner="String">
<msg time="2026-03-26T09:03:55.787742" level="INFO">${random} = JUzs</msg>
<var>${random}</var>
<arg>4</arg>
<arg>[LETTERS]</arg>
<doc>Generates a string with a desired ``length`` from the given ``chars``.</doc>
<status status="PASS" start="2026-03-26T09:03:55.787638" elapsed="0.000121"/>
</kw>
<kw name="Create Dictionary" owner="BuiltIn">
<msg time="2026-03-26T09:03:55.788165" level="INFO">${body} = {'nome': 'User Login', 'email': 'user_kCgnY@email.com', 'password': 'password123', 'administrador': 'true'}</msg>
<var>${body}</var>
<arg>nome=${nome}</arg>
<arg>email=${email}</arg>
<arg>password=${senha}</arg>
<arg>administrador=${admin}</arg>
<doc>Creates and returns a dictionary based on the given ``items``.</doc>
<status status="PASS" start="2026-03-26T09:03:55.787828" elapsed="0.000353"/>
</kw>
<kw name="POST On Session" owner="RequestsLibrary">
<msg time="2026-03-26T09:03:56.788963" level="INFO">POST Request : url=https://compassuol.serverest.dev/usuarios 
 path_url=/usuarios 
 headers={'User-Agent': 'python-requests/2.32.5', 'Accept-Encoding': 'gzip, deflate, zstd', 'Accept': '*/*', 'Connection': 'keep-alive', 'Content-Length': '107', 'Content-Type': 'application/json'} 
 body=b'{"nome": "User Login", "email": "user_kCgnY@email.com", "password": "password123", "administrador": "true"}' 
 </msg>
<msg time="2026-03-26T09:03:56.789043" level="INFO">POST Response : url=https://compassuol.serverest.dev/usuarios 
 status=201, reason=Created 
 headers={'access-control-allow-origin': '*', 'x-dns-prefetch-control': 'off', 'x-frame-options': 'SAMEORIGIN', 'strict-transport-security': 'max-age=15552000; includeSubDomains', 'x-download-options': 'noopen', 'x-content-type-options': 'nosniff', 'x-xss-protection': '1; mode=block', 'content-type': 'application/json; charset=utf-8', 'x-cloud-trace-context': '95b7773499ab9de7942d1006e89cde51;o=1', 'date': 'Thu, 26 Mar 2026 12:03:58 GMT', 'server': 'Google Frontend', 'Content-Length': '82'} 
 body={
    "message": "Cadastro realizado com sucesso",
    "_id": "bsPqRvHiNl287Jme"
} 
 </msg>
<msg time="2026-03-26T09:03:56.789083" level="INFO">C:\Users\danis\AppData\Local\Programs\Python\Python314\Lib\site-packages\urllib3\connectionpool.py:1097: InsecureRequestWarning: Unverified HTTPS request is being made to host 'compassuol.serverest.dev'. Adding certificate verification is strongly advised. See: https://urllib3.readthedocs.io/en/latest/advanced-usage.html#tls-warnings
  warnings.warn(</msg>
<msg time="2026-03-26T09:03:56.789557" level="INFO">${response} = &lt;Response [201]&gt;</msg>
<var>${response}</var>
<arg>serverest</arg>
<arg>/usuarios</arg>
<arg>json=${body}</arg>
<arg>expected_status=any</arg>
<doc>Sends a POST request on a previously created HTTP Session.</doc>
<status status="PASS" start="2026-03-26T09:03:55.788246" elapsed="1.001333"/>
</kw>
<return>
<value>${response}</value>
<status status="PASS" start="2026-03-26T09:03:56.789629" elapsed="0.000036"/>
</return>
<arg>User Login</arg>
<arg>${email}</arg>
<arg>${SENHA_USER}</arg>
<arg>true</arg>
<doc>Cria um usuário utilizando um nome, email, senha e status de administrador, retornando a resposta da requisição:</doc>
<status status="PASS" start="2026-03-26T09:03:55.787440" elapsed="1.002298"/>
</kw>
<kw name="Realizar Login" owner="autenticacao">
<kw name="Create Dictionary" owner="BuiltIn">
<msg time="2026-03-26T09:03:56.790397" level="INFO">${body} = {'email': 'user_kCgnY@email.com', 'password': 'password123'}</msg>
<var>${body}</var>
<arg>email=${email}</arg>
<arg>password=${senha}</arg>
<doc>Creates and returns a dictionary based on the given ``items``.</doc>
<status status="PASS" start="2026-03-26T09:03:56.790105" elapsed="0.000307"/>
</kw>
<kw name="POST On Session" owner="RequestsLibrary">
<msg time="2026-03-26T09:03:56.959943" level="INFO">POST Request : url=https://compassuol.serverest.dev/login 
 path_url=/login 
 headers={'User-Agent': 'python-requests/2.32.5', 'Accept-Encoding': 'gzip, deflate, zstd', 'Accept': '*/*', 'Connection': 'keep-alive', 'Content-Length': '60', 'Content-Type': 'application/json'} 
 body=b'{"email": "user_kCgnY@email.com", "password": "password123"}' 
 </msg>
<msg time="2026-03-26T09:03:56.960010" level="INFO">POST Response : url=https://compassuol.serverest.dev/login 
 status=200, reason=OK 
 headers={'access-control-allow-origin': '*', 'x-dns-prefetch-control': 'off', 'x-frame-options': 'SAMEORIGIN', 'strict-transport-security': 'max-age=15552000; includeSubDomains', 'x-download-options': 'noopen', 'x-content-type-options': 'nosniff', 'x-xss-protection': '1; mode=block', 'content-type': 'application/json; charset=utf-8', 'x-cloud-trace-context': '338590ac0220997c942d1006e89cdacf', 'date': 'Thu, 26 Mar 2026 12:03:58 GMT', 'server': 'Google Frontend', 'Content-Length': '283'} 
 body={
    "message": "Login realizado com sucesso",
    "authorization": "Bearer eyJhbGciOiJIUzI1NiIsInR5cCI6IkpXVCJ9.eyJlbWFpbCI6InVzZXJfa0NnbllAZW1haWwuY29tIiwicGFzc3dvcmQiOiJwYXNzd29yZDEyMyIsImlhdCI6MTc3NDUyNjYzOCwiZXhwIjoxNzc0NTI3MjM4fQ.cl11yHs12tzehmWNoIKaMjC0PFfolojuK4Lv-psSyc0"
} 
 </msg>
<msg time="2026-03-26T09:03:56.960055" level="INFO">C:\Users\danis\AppData\Local\Programs\Python\Python314\Lib\site-packages\urllib3\connectionpool.py:1097: InsecureRequestWarning: Unverified HTTPS request is being made to host 'compassuol.serverest.dev'. Adding certificate verification is strongly advised. See: https://urllib3.readthedocs.io/en/latest/advanced-usage.html#tls-warnings
  warnings.warn(</msg>
<msg time="2026-03-26T09:03:56.960688" level="INFO">${response} = &lt;Response [200]&gt;</msg>
<var>${response}</var>
<arg>serverest</arg>
<arg>/login</arg>
<arg>json=${body}</arg>
<arg>expected_status=any</arg>
<doc>Sends a POST request on a previously created HTTP Session.</doc>
<status status="PASS" start="2026-03-26T09:03:56.790482" elapsed="0.170233"/>
</kw>
<return>
<value>${response}</value>
<status status="PASS" start="2026-03-26T09:03:56.960772" elapsed="0.000032"/>
</return>
<msg time="2026-03-26T09:03:56.960914" level="INFO">${res} = &lt;Response [200]&gt;</msg>
<var>${res}</var>
<arg>${email}</arg>
<arg>${SENHA_USER}</arg>
<doc>Realiza o login na API ServeRest utilizando email e senha, retornando a resposta da requisição:</doc>
<status status="PASS" start="2026-03-26T09:03:56.789910" elapsed="0.171019"/>
</kw>
<kw name="Validar Login Sucesso" owner="autenticacao">
<kw name="Status Should Be" owner="RequestsLibrary">
<arg>200</arg>
<arg>${response}</arg>
<doc>Fails if response status code is different than the expected.</doc>
<status status="PASS" start="2026-03-26T09:03:56.961317" elapsed="0.000159"/>
</kw>
<arg>${res}</arg>
<doc>Valida se o login foi realizado com sucesso, através do status code da resposta:</doc>
<status status="PASS" start="2026-03-26T09:03:56.961131" elapsed="0.000381"/>
</kw>
<doc>Testa o login com credenciais válidas</doc>
<status status="PASS" start="2026-03-26T09:03:55.785828" elapsed="1.175907"/>
</test>
<test id="s1-s1-t2" name="CT-A02 Login inválido" line="20">
<kw name="Gerar Email Aleatorio" owner="usuarios">
<kw name="Generate Random String" owner="String">
<msg time="2026-03-26T09:03:56.962695" level="INFO">${random} = vpKXO</msg>
<var>${random}</var>
<arg>5</arg>
<arg>[LETTERS]</arg>
<doc>Generates a string with a desired ``length`` from the given ``chars``.</doc>
<status status="PASS" start="2026-03-26T09:03:56.962582" elapsed="0.000129"/>
</kw>
<kw name="Set Variable" owner="BuiltIn">
<msg time="2026-03-26T09:03:56.962964" level="INFO">${email} = user_vpKXO@email.com</msg>
<var>${email}</var>
<arg>user_${random}@email.com</arg>
<doc>Returns the given values which can then be assigned to a variables.</doc>
<status status="PASS" start="2026-03-26T09:03:56.962774" elapsed="0.000204"/>
</kw>
<return>
<value>${email}</value>
<status status="PASS" start="2026-03-26T09:03:56.963005" elapsed="0.000018"/>
</return>
<msg time="2026-03-26T09:03:56.963086" level="INFO">${email} = user_vpKXO@email.com</msg>
<var>${email}</var>
<doc>Gera um email aleatório para uso nos testes de criação de usuários:</doc>
<status status="PASS" start="2026-03-26T09:03:56.962440" elapsed="0.000659"/>
</kw>
<kw name="Criar Usuario" owner="usuarios">
<kw name="Generate Random String" owner="String">
<msg time="2026-03-26T09:03:56.963604" level="INFO">${random} = CNBk</msg>
<var>${random}</var>
<arg>4</arg>
<arg>[LETTERS]</arg>
<doc>Generates a string with a desired ``length`` from the given ``chars``.</doc>
<status status="PASS" start="2026-03-26T09:03:56.963511" elapsed="0.000108"/>
</kw>
<kw name="Create Dictionary" owner="BuiltIn">
<msg time="2026-03-26T09:03:56.964055" level="INFO">${body} = {'nome': 'User Login', 'email': 'user_vpKXO@email.com', 'password': 'password123', 'administrador': 'true'}</msg>
<var>${body}</var>
<arg>nome=${nome}</arg>
<arg>email=${email}</arg>
<arg>password=${senha}</arg>
<arg>administrador=${admin}</arg>
<doc>Creates and returns a dictionary based on the given ``items``.</doc>
<status status="PASS" start="2026-03-26T09:03:56.963686" elapsed="0.000390"/>
</kw>
<kw name="POST On Session" owner="RequestsLibrary">
<msg time="2026-03-26T09:03:57.132800" level="INFO">POST Request : url=https://compassuol.serverest.dev/usuarios 
 path_url=/usuarios 
 headers={'User-Agent': 'python-requests/2.32.5', 'Accept-Encoding': 'gzip, deflate, zstd', 'Accept': '*/*', 'Connection': 'keep-alive', 'Content-Length': '107', 'Content-Type': 'application/json'} 
 body=b'{"nome": "User Login", "email": "user_vpKXO@email.com", "password": "password123", "administrador": "true"}' 
 </msg>
<msg time="2026-03-26T09:03:57.132861" level="INFO">POST Response : url=https://compassuol.serverest.dev/usuarios 
 status=201, reason=Created 
 headers={'access-control-allow-origin': '*', 'x-dns-prefetch-control': 'off', 'x-frame-options': 'SAMEORIGIN', 'strict-transport-security': 'max-age=15552000; includeSubDomains', 'x-download-options': 'noopen', 'x-content-type-options': 'nosniff', 'x-xss-protection': '1; mode=block', 'content-type': 'application/json; charset=utf-8', 'x-cloud-trace-context': '596646277e3bccfb942d1006e89cd708', 'date': 'Thu, 26 Mar 2026 12:03:58 GMT', 'server': 'Google Frontend', 'Content-Length': '82'} 
 body={
    "message": "Cadastro realizado com sucesso",
    "_id": "rjDo1SRyBcowAWJ9"
} 
 </msg>
<msg time="2026-03-26T09:03:57.132898" level="INFO">C:\Users\danis\AppData\Local\Programs\Python\Python314\Lib\site-packages\urllib3\connectionpool.py:1097: InsecureRequestWarning: Unverified HTTPS request is being made to host 'compassuol.serverest.dev'. Adding certificate verification is strongly advised. See: https://urllib3.readthedocs.io/en/latest/advanced-usage.html#tls-warnings
  warnings.warn(</msg>
<msg time="2026-03-26T09:03:57.133328" level="INFO">${response} = &lt;Response [201]&gt;</msg>
<var>${response}</var>
<arg>serverest</arg>
<arg>/usuarios</arg>
<arg>json=${body}</arg>
<arg>expected_status=any</arg>
<doc>Sends a POST request on a previously created HTTP Session.</doc>
<status status="PASS" start="2026-03-26T09:03:56.964157" elapsed="0.169195"/>
</kw>
<return>
<value>${response}</value>
<status status="PASS" start="2026-03-26T09:03:57.133404" elapsed="0.000030"/>
</return>
<arg>User Login</arg>
<arg>${email}</arg>
<arg>${SENHA_USER}</arg>
<arg>true</arg>
<doc>Cria um usuário utilizando um nome, email, senha e status de administrador, retornando a resposta da requisição:</doc>
<status status="PASS" start="2026-03-26T09:03:56.963337" elapsed="0.170173"/>
</kw>
<kw name="Realizar Login" owner="autenticacao">
<kw name="Create Dictionary" owner="BuiltIn">
<msg time="2026-03-26T09:03:57.134244" level="INFO">${body} = {'email': 'user_vpKXO@email.com', 'password': 'senha_incorreta'}</msg>
<var>${body}</var>
<arg>email=${email}</arg>
<arg>password=${senha}</arg>
<doc>Creates and returns a dictionary based on the given ``items``.</doc>
<status status="PASS" start="2026-03-26T09:03:57.133996" elapsed="0.000264"/>
</kw>
<kw name="POST On Session" owner="RequestsLibrary">
<msg time="2026-03-26T09:03:57.300664" level="INFO">POST Request : url=https://compassuol.serverest.dev/login 
 path_url=/login 
 headers={'User-Agent': 'python-requests/2.32.5', 'Accept-Encoding': 'gzip, deflate, zstd', 'Accept': '*/*', 'Connection': 'keep-alive', 'Content-Length': '64', 'Content-Type': 'application/json'} 
 body=b'{"email": "user_vpKXO@email.com", "password": "senha_incorreta"}' 
 </msg>
<msg time="2026-03-26T09:03:57.300723" level="INFO">POST Response : url=https://compassuol.serverest.dev/login 
 status=401, reason=Unauthorized 
 headers={'access-control-allow-origin': '*', 'x-dns-prefetch-control': 'off', 'x-frame-options': 'SAMEORIGIN', 'strict-transport-security': 'max-age=15552000; includeSubDomains', 'x-download-options': 'noopen', 'x-content-type-options': 'nosniff', 'x-xss-protection': '1; mode=block', 'content-type': 'application/json; charset=utf-8', 'x-cloud-trace-context': 'f01ab7866435ba8d942d1006e89cdef0', 'date': 'Thu, 26 Mar 2026 12:03:58 GMT', 'server': 'Google Frontend', 'Content-Length': '48'} 
 body={
    "message": "Email e/ou senha inválidos"
} 
 </msg>
<msg time="2026-03-26T09:03:57.300763" level="INFO">C:\Users\danis\AppData\Local\Programs\Python\Python314\Lib\site-packages\urllib3\connectionpool.py:1097: InsecureRequestWarning: Unverified HTTPS request is being made to host 'compassuol.serverest.dev'. Adding certificate verification is strongly advised. See: https://urllib3.readthedocs.io/en/latest/advanced-usage.html#tls-warnings
  warnings.warn(</msg>
<msg time="2026-03-26T09:03:57.301112" level="INFO">${response} = &lt;Response [401]&gt;</msg>
<var>${response}</var>
<arg>serverest</arg>
<arg>/login</arg>
<arg>json=${body}</arg>
<arg>expected_status=any</arg>
<doc>Sends a POST request on a previously created HTTP Session.</doc>
<status status="PASS" start="2026-03-26T09:03:57.134327" elapsed="0.166808"/>
</kw>
<return>
<value>${response}</value>
<status status="PASS" start="2026-03-26T09:03:57.301184" elapsed="0.000029"/>
</return>
<msg time="2026-03-26T09:03:57.301304" level="INFO">${res} = &lt;Response [401]&gt;</msg>
<var>${res}</var>
<arg>${email}</arg>
<arg>senha_incorreta</arg>
<doc>Realiza o login na API ServeRest utilizando email e senha, retornando a resposta da requisição:</doc>
<status status="PASS" start="2026-03-26T09:03:57.133804" elapsed="0.167514"/>
</kw>
<kw name="Validar Login Invalido" owner="autenticacao">
<kw name="Status Should Be" owner="RequestsLibrary">
<arg>401</arg>
<arg>${response}</arg>
<doc>Fails if response status code is different than the expected.</doc>
<status status="PASS" start="2026-03-26T09:03:57.301768" elapsed="0.000108"/>
</kw>
<arg>${res}</arg>
<doc>Valida se o login falhou, através do status code da resposta:</doc>
<status status="PASS" start="2026-03-26T09:03:57.301583" elapsed="0.000327"/>
</kw>
<doc>Testa o login com credenciais inválidas (senha incorreta)</doc>
<status status="PASS" start="2026-03-26T09:03:56.962080" elapsed="0.340119"/>
</test>
<test id="s1-s1-t3" name="CT-A03 Contrato login" line="30">
<kw name="Gerar Email Aleatorio" owner="usuarios">
<kw name="Generate Random String" owner="String">
<msg time="2026-03-26T09:03:57.303241" level="INFO">${random} = iNLPt</msg>
<var>${random}</var>
<arg>5</arg>
<arg>[LETTERS]</arg>
<doc>Generates a string with a desired ``length`` from the given ``chars``.</doc>
<status status="PASS" start="2026-03-26T09:03:57.303138" elapsed="0.000123"/>
</kw>
<kw name="Set Variable" owner="BuiltIn">
<msg time="2026-03-26T09:03:57.303499" level="INFO">${email} = user_iNLPt@email.com</msg>
<var>${email}</var>
<arg>user_${random}@email.com</arg>
<doc>Returns the given values which can then be assigned to a variables.</doc>
<status status="PASS" start="2026-03-26T09:03:57.303321" elapsed="0.000192"/>
</kw>
<return>
<value>${email}</value>
<status status="PASS" start="2026-03-26T09:03:57.303539" elapsed="0.000021"/>
</return>
<msg time="2026-03-26T09:03:57.303619" level="INFO">${email} = user_iNLPt@email.com</msg>
<var>${email}</var>
<doc>Gera um email aleatório para uso nos testes de criação de usuários:</doc>
<status status="PASS" start="2026-03-26T09:03:57.302999" elapsed="0.000632"/>
</kw>
<kw name="Criar Usuario" owner="usuarios">
<kw name="Generate Random String" owner="String">
<msg time="2026-03-26T09:03:57.304357" level="INFO">${random} = vqJl</msg>
<var>${random}</var>
<arg>4</arg>
<arg>[LETTERS]</arg>
<doc>Generates a string with a desired ``length`` from the given ``chars``.</doc>
<status status="PASS" start="2026-03-26T09:03:57.304253" elapsed="0.000119"/>
</kw>
<kw name="Create Dictionary" owner="BuiltIn">
<msg time="2026-03-26T09:03:57.304765" level="INFO">${body} = {'nome': 'User Login', 'email': 'user_iNLPt@email.com', 'password': 'password123', 'administrador': 'false'}</msg>
<var>${body}</var>
<arg>nome=${nome}</arg>
<arg>email=${email}</arg>
<arg>password=${senha}</arg>
<arg>administrador=${admin}</arg>
<doc>Creates and returns a dictionary based on the given ``items``.</doc>
<status status="PASS" start="2026-03-26T09:03:57.304439" elapsed="0.000342"/>
</kw>
<kw name="POST On Session" owner="RequestsLibrary">
<msg time="2026-03-26T09:03:57.474035" level="INFO">POST Request : url=https://compassuol.serverest.dev/usuarios 
 path_url=/usuarios 
 headers={'User-Agent': 'python-requests/2.32.5', 'Accept-Encoding': 'gzip, deflate, zstd', 'Accept': '*/*', 'Connection': 'keep-alive', 'Content-Length': '108', 'Content-Type': 'application/json'} 
 body=b'{"nome": "User Login", "email": "user_iNLPt@email.com", "password": "password123", "administrador": "false"}' 
 </msg>
<msg time="2026-03-26T09:03:57.474093" level="INFO">POST Response : url=https://compassuol.serverest.dev/usuarios 
 status=201, reason=Created 
 headers={'access-control-allow-origin': '*', 'x-dns-prefetch-control': 'off', 'x-frame-options': 'SAMEORIGIN', 'strict-transport-security': 'max-age=15552000; includeSubDomains', 'x-download-options': 'noopen', 'x-content-type-options': 'nosniff', 'x-xss-protection': '1; mode=block', 'content-type': 'application/json; charset=utf-8', 'x-cloud-trace-context': '05efd5bc3a71db56942d1006e89cd9d5', 'date': 'Thu, 26 Mar 2026 12:03:59 GMT', 'server': 'Google Frontend', 'Content-Length': '82'} 
 body={
    "message": "Cadastro realizado com sucesso",
    "_id": "iliaV2469468eHsw"
} 
 </msg>
<msg time="2026-03-26T09:03:57.474131" level="INFO">C:\Users\danis\AppData\Local\Programs\Python\Python314\Lib\site-packages\urllib3\connectionpool.py:1097: InsecureRequestWarning: Unverified HTTPS request is being made to host 'compassuol.serverest.dev'. Adding certificate verification is strongly advised. See: https://urllib3.readthedocs.io/en/latest/advanced-usage.html#tls-warnings
  warnings.warn(</msg>
<msg time="2026-03-26T09:03:57.474398" level="INFO">${response} = &lt;Response [201]&gt;</msg>
<var>${response}</var>
<arg>serverest</arg>
<arg>/usuarios</arg>
<arg>json=${body}</arg>
<arg>expected_status=any</arg>
<doc>Sends a POST request on a previously created HTTP Session.</doc>
<status status="PASS" start="2026-03-26T09:03:57.304848" elapsed="0.169572"/>
</kw>
<return>
<value>${response}</value>
<status status="PASS" start="2026-03-26T09:03:57.474468" elapsed="0.000031"/>
</return>
<arg>User Login</arg>
<arg>${email}</arg>
<arg>${SENHA_USER}</arg>
<arg>false</arg>
<doc>Cria um usuário utilizando um nome, email, senha e status de administrador, retornando a resposta da requisição:</doc>
<status status="PASS" start="2026-03-26T09:03:57.303954" elapsed="0.170617"/>
</kw>
<kw name="Realizar Login" owner="autenticacao">
<kw name="Create Dictionary" owner="BuiltIn">
<msg time="2026-03-26T09:03:57.475219" level="INFO">${body} = {'email': 'user_iNLPt@email.com', 'password': 'password123'}</msg>
<var>${body}</var>
<arg>email=${email}</arg>
<arg>password=${senha}</arg>
<doc>Creates and returns a dictionary based on the given ``items``.</doc>
<status status="PASS" start="2026-03-26T09:03:57.474982" elapsed="0.000252"/>
</kw>
<kw name="POST On Session" owner="RequestsLibrary">
<msg time="2026-03-26T09:03:57.638679" level="INFO">POST Request : url=https://compassuol.serverest.dev/login 
 path_url=/login 
 headers={'User-Agent': 'python-requests/2.32.5', 'Accept-Encoding': 'gzip, deflate, zstd', 'Accept': '*/*', 'Connection': 'keep-alive', 'Content-Length': '60', 'Content-Type': 'application/json'} 
 body=b'{"email": "user_iNLPt@email.com", "password": "password123"}' 
 </msg>
<msg time="2026-03-26T09:03:57.638740" level="INFO">POST Response : url=https://compassuol.serverest.dev/login 
 status=200, reason=OK 
 headers={'access-control-allow-origin': '*', 'x-dns-prefetch-control': 'off', 'x-frame-options': 'SAMEORIGIN', 'strict-transport-security': 'max-age=15552000; includeSubDomains', 'x-download-options': 'noopen', 'x-content-type-options': 'nosniff', 'x-xss-protection': '1; mode=block', 'content-type': 'application/json; charset=utf-8', 'x-cloud-trace-context': '87a3c2743ee67c1e942d1006e89cdcb2', 'date': 'Thu, 26 Mar 2026 12:03:59 GMT', 'server': 'Google Frontend', 'Content-Length': '283'} 
 body={
    "message": "Login realizado com sucesso",
    "authorization": "Bearer eyJhbGciOiJIUzI1NiIsInR5cCI6IkpXVCJ9.eyJlbWFpbCI6InVzZXJfaU5MUHRAZW1haWwuY29tIiwicGFzc3dvcmQiOiJwYXNzd29yZDEyMyIsImlhdCI6MTc3NDUyNjYzOSwiZXhwIjoxNzc0NTI3MjM5fQ.QHyg3MtpJ-PaX9z3t0hPl31_hGIEIx82vbQvDzpIz9Q"
} 
 </msg>
<msg time="2026-03-26T09:03:57.638788" level="INFO">C:\Users\danis\AppData\Local\Programs\Python\Python314\Lib\site-packages\urllib3\connectionpool.py:1097: InsecureRequestWarning: Unverified HTTPS request is being made to host 'compassuol.serverest.dev'. Adding certificate verification is strongly advised. See: https://urllib3.readthedocs.io/en/latest/advanced-usage.html#tls-warnings
  warnings.warn(</msg>
<msg time="2026-03-26T09:03:57.639071" level="INFO">${response} = &lt;Response [200]&gt;</msg>
<var>${response}</var>
<arg>serverest</arg>
<arg>/login</arg>
<arg>json=${body}</arg>
<arg>expected_status=any</arg>
<doc>Sends a POST request on a previously created HTTP Session.</doc>
<status status="PASS" start="2026-03-26T09:03:57.475299" elapsed="0.163805"/>
</kw>
<return>
<value>${response}</value>
<status status="PASS" start="2026-03-26T09:03:57.639164" elapsed="0.000036"/>
</return>
<msg time="2026-03-26T09:03:57.639298" level="INFO">${res} = &lt;Response [200]&gt;</msg>
<var>${res}</var>
<arg>${email}</arg>
<arg>${SENHA_USER}</arg>
<doc>Realiza o login na API ServeRest utilizando email e senha, retornando a resposta da requisição:</doc>
<status status="PASS" start="2026-03-26T09:03:57.474774" elapsed="0.164538"/>
</kw>
<kw name="Validar Login Sucesso" owner="autenticacao">
<kw name="Status Should Be" owner="RequestsLibrary">
<arg>200</arg>
<arg>${response}</arg>
<doc>Fails if response status code is different than the expected.</doc>
<status status="PASS" start="2026-03-26T09:03:57.639715" elapsed="0.000108"/>
</kw>
<arg>${res}</arg>
<doc>Valida se o login foi realizado com sucesso, através do status code da resposta:</doc>
<status status="PASS" start="2026-03-26T09:03:57.639514" elapsed="0.000344"/>
</kw>
<kw name="Validar Contrato Login" owner="autenticacao">
<kw name="Set Variable" owner="BuiltIn">
<msg time="2026-03-26T09:03:57.640538" level="INFO">${json} = {'message': 'Login realizado com sucesso', 'authorization': 'Bearer eyJhbGciOiJIUzI1NiIsInR5cCI6IkpXVCJ9.eyJlbWFpbCI6InVzZXJfaU5MUHRAZW1haWwuY29tIiwicGFzc3dvcmQiOiJwYXNzd29yZDEyMyIsImlhdCI6MTc3NDUyNjY...</msg>
<var>${json}</var>
<arg>${response.json()}</arg>
<doc>Returns the given values which can then be assigned to a variables.</doc>
<status status="PASS" start="2026-03-26T09:03:57.640142" elapsed="0.000412"/>
</kw>
<kw name="Dictionary Should Contain Key" owner="Collections">
<arg>${json}</arg>
<arg>message</arg>
<doc>Fails if ``key`` is not found from ``dictionary``.</doc>
<status status="PASS" start="2026-03-26T09:03:57.640615" elapsed="0.000095"/>
</kw>
<kw name="Dictionary Should Contain Key" owner="Collections">
<arg>${json}</arg>
<arg>authorization</arg>
<doc>Fails if ``key`` is not found from ``dictionary``.</doc>
<status status="PASS" start="2026-03-26T09:03:57.640763" elapsed="0.000074"/>
</kw>
<kw name="Should Be Equal" owner="BuiltIn">
<arg>${json['message']}</arg>
<arg>Login realizado com sucesso</arg>
<doc>Fails if the given objects are unequal.</doc>
<status status="PASS" start="2026-03-26T09:03:57.640889" elapsed="0.000335"/>
</kw>
<kw name="Should Start With" owner="BuiltIn">
<arg>${json['authorization']}</arg>
<arg>Bearer</arg>
<doc>Fails if the string ``str1`` does not start with the string ``str2``.</doc>
<status status="PASS" start="2026-03-26T09:03:57.641287" elapsed="0.000297"/>
</kw>
<kw name="Should Not Be Empty" owner="BuiltIn">
<msg time="2026-03-26T09:03:57.642029" level="INFO">Length is 210.</msg>
<arg>${json['authorization']}</arg>
<doc>Verifies that the given item is not empty.</doc>
<status status="PASS" start="2026-03-26T09:03:57.641653" elapsed="0.000402"/>
</kw>
<arg>${res}</arg>
<doc>Valida os elementos do contrato da resposta do login, verificando a presença de 'message' e 'authorization':</doc>
<status status="PASS" start="2026-03-26T09:03:57.639995" elapsed="0.002092"/>
</kw>
<doc>Valida o contrato da resposta do login</doc>
<status status="PASS" start="2026-03-26T09:03:57.302646" elapsed="0.339614"/>
</test>
<status status="PASS" start="2026-03-26T09:03:55.698437" elapsed="1.944887"/>
</suite>
<suite id="s1-s2" name="Carrinhos" source="C:\Users\danis\OneDrive\Documentos\Scholarship-AWS-AI-Software-Quality-Engineering-Fase02\Documents\Sprint 2\Semana 4\Challenge03\tests\carrinhos.robot">
<kw name="Criar Sessao" owner="base" type="SETUP">
<kw name="Create Session" owner="RequestsLibrary">
<msg time="2026-03-26T09:03:57.650418" level="INFO">Creating Session using : alias=serverest, url=https://compassuol.serverest.dev, headers={},                     cookies={}, auth=None, timeout=None, proxies=None, verify=False,                     debug=0 </msg>
<arg>serverest</arg>
<arg>${BASE_URL}</arg>
<doc>Create Session: create a HTTP session to a server</doc>
<status status="PASS" start="2026-03-26T09:03:57.650171" elapsed="0.000383"/>
</kw>
<doc>Cria uma sessão para a API ServeRest utilizando a URL base definida nas variáveis:</doc>
<status status="PASS" start="2026-03-26T09:03:57.649933" elapsed="0.000666"/>
</kw>
<test id="s1-s2-t1" name="CT-C01 Criar carrinho" line="13">
<kw name="Gerar Email Aleatorio" owner="usuarios">
<kw name="Generate Random String" owner="String">
<msg time="2026-03-26T09:03:57.651436" level="INFO">${random} = uzfeV</msg>
<var>${random}</var>
<arg>5</arg>
<arg>[LETTERS]</arg>
<doc>Generates a string with a desired ``length`` from the given ``chars``.</doc>
<status status="PASS" start="2026-03-26T09:03:57.651124" elapsed="0.000342"/>
</kw>
<kw name="Set Variable" owner="BuiltIn">
<msg time="2026-03-26T09:03:57.651847" level="INFO">${email} = user_uzfeV@email.com</msg>
<var>${email}</var>
<arg>user_${random}@email.com</arg>
<doc>Returns the given values which can then be assigned to a variables.</doc>
<status status="PASS" start="2026-03-26T09:03:57.651549" elapsed="0.000325"/>
</kw>
<return>
<value>${email}</value>
<status status="PASS" start="2026-03-26T09:03:57.651908" elapsed="0.000032"/>
</return>
<msg time="2026-03-26T09:03:57.652010" level="INFO">${email} = user_uzfeV@email.com</msg>
<var>${email}</var>
<doc>Gera um email aleatório para uso nos testes de criação de usuários:</doc>
<status status="PASS" start="2026-03-26T09:03:57.650980" elapsed="0.001043"/>
</kw>
<kw name="Criar Usuario" owner="usuarios">
<kw name="Generate Random String" owner="String">
<msg time="2026-03-26T09:03:57.653702" level="INFO">${random} = RZim</msg>
<var>${random}</var>
<arg>4</arg>
<arg>[LETTERS]</arg>
<doc>Generates a string with a desired ``length`` from the given ``chars``.</doc>
<status status="PASS" start="2026-03-26T09:03:57.653574" elapsed="0.000147"/>
</kw>
<kw name="Create Dictionary" owner="BuiltIn">
<msg time="2026-03-26T09:03:57.654108" level="INFO">${body} = {'nome': 'User', 'email': 'user_uzfeV@email.com', 'password': 'password123', 'administrador': 'true'}</msg>
<var>${body}</var>
<arg>nome=${nome}</arg>
<arg>email=${email}</arg>
<arg>password=${senha}</arg>
<arg>administrador=${admin}</arg>
<doc>Creates and returns a dictionary based on the given ``items``.</doc>
<status status="PASS" start="2026-03-26T09:03:57.653813" elapsed="0.000313"/>
</kw>
<kw name="POST On Session" owner="RequestsLibrary">
<msg time="2026-03-26T09:03:58.131782" level="INFO">POST Request : url=https://compassuol.serverest.dev/usuarios 
 path_url=/usuarios 
 headers={'User-Agent': 'python-requests/2.32.5', 'Accept-Encoding': 'gzip, deflate, zstd', 'Accept': '*/*', 'Connection': 'keep-alive', 'Content-Length': '101', 'Content-Type': 'application/json'} 
 body=b'{"nome": "User", "email": "user_uzfeV@email.com", "password": "password123", "administrador": "true"}' 
 </msg>
<msg time="2026-03-26T09:03:58.131917" level="INFO">POST Response : url=https://compassuol.serverest.dev/usuarios 
 status=201, reason=Created 
 headers={'access-control-allow-origin': '*', 'x-dns-prefetch-control': 'off', 'x-frame-options': 'SAMEORIGIN', 'strict-transport-security': 'max-age=15552000; includeSubDomains', 'x-download-options': 'noopen', 'x-content-type-options': 'nosniff', 'x-xss-protection': '1; mode=block', 'content-type': 'application/json; charset=utf-8', 'x-cloud-trace-context': '186f073fdb242ae3ac6f66270b49b8f9', 'date': 'Thu, 26 Mar 2026 12:03:59 GMT', 'server': 'Google Frontend', 'Content-Length': '82'} 
 body={
    "message": "Cadastro realizado com sucesso",
    "_id": "3nSUigQg1AzOjck1"
} 
 </msg>
<msg time="2026-03-26T09:03:58.131963" level="INFO">C:\Users\danis\AppData\Local\Programs\Python\Python314\Lib\site-packages\urllib3\connectionpool.py:1097: InsecureRequestWarning: Unverified HTTPS request is being made to host 'compassuol.serverest.dev'. Adding certificate verification is strongly advised. See: https://urllib3.readthedocs.io/en/latest/advanced-usage.html#tls-warnings
  warnings.warn(</msg>
<msg time="2026-03-26T09:03:58.132263" level="INFO">${response} = &lt;Response [201]&gt;</msg>
<var>${response}</var>
<arg>serverest</arg>
<arg>/usuarios</arg>
<arg>json=${body}</arg>
<arg>expected_status=any</arg>
<doc>Sends a POST request on a previously created HTTP Session.</doc>
<status status="PASS" start="2026-03-26T09:03:57.654201" elapsed="0.478099"/>
</kw>
<return>
<value>${response}</value>
<status status="PASS" start="2026-03-26T09:03:58.132350" elapsed="0.000028"/>
</return>
<arg>User</arg>
<arg>${email}</arg>
<arg>${SENHA_USER}</arg>
<arg>true</arg>
<doc>Cria um usuário utilizando um nome, email, senha e status de administrador, retornando a resposta da requisição:</doc>
<status status="PASS" start="2026-03-26T09:03:57.653323" elapsed="0.479127"/>
</kw>
<kw name="Realizar Login" owner="autenticacao">
<kw name="Create Dictionary" owner="BuiltIn">
<msg time="2026-03-26T09:03:58.133150" level="INFO">${body} = {'email': 'user_uzfeV@email.com', 'password': 'password123'}</msg>
<var>${body}</var>
<arg>email=${email}</arg>
<arg>password=${senha}</arg>
<doc>Creates and returns a dictionary based on the given ``items``.</doc>
<status status="PASS" start="2026-03-26T09:03:58.132905" elapsed="0.000261"/>
</kw>
<kw name="POST On Session" owner="RequestsLibrary">
<msg time="2026-03-26T09:03:58.320658" level="INFO">POST Request : url=https://compassuol.serverest.dev/login 
 path_url=/login 
 headers={'User-Agent': 'python-requests/2.32.5', 'Accept-Encoding': 'gzip, deflate, zstd', 'Accept': '*/*', 'Connection': 'keep-alive', 'Content-Length': '60', 'Content-Type': 'application/json'} 
 body=b'{"email": "user_uzfeV@email.com", "password": "password123"}' 
 </msg>
<msg time="2026-03-26T09:03:58.320720" level="INFO">POST Response : url=https://compassuol.serverest.dev/login 
 status=200, reason=OK 
 headers={'access-control-allow-origin': '*', 'x-dns-prefetch-control': 'off', 'x-frame-options': 'SAMEORIGIN', 'strict-transport-security': 'max-age=15552000; includeSubDomains', 'x-download-options': 'noopen', 'x-content-type-options': 'nosniff', 'x-xss-protection': '1; mode=block', 'content-type': 'application/json; charset=utf-8', 'x-cloud-trace-context': '4fc6efa9b32f73c1ac6f66270b49b199', 'date': 'Thu, 26 Mar 2026 12:03:59 GMT', 'server': 'Google Frontend', 'Content-Length': '283'} 
 body={
    "message": "Login realizado com sucesso",
    "authorization": "Bearer eyJhbGciOiJIUzI1NiIsInR5cCI6IkpXVCJ9.eyJlbWFpbCI6InVzZXJfdXpmZVZAZW1haWwuY29tIiwicGFzc3dvcmQiOiJwYXNzd29yZDEyMyIsImlhdCI6MTc3NDUyNjYzOSwiZXhwIjoxNzc0NTI3MjM5fQ.zXMKNrpvWVUqZwqziBUIFhGaNPfcdsyBIkrWSfveT-U"
} 
 </msg>
<msg time="2026-03-26T09:03:58.320760" level="INFO">C:\Users\danis\AppData\Local\Programs\Python\Python314\Lib\site-packages\urllib3\connectionpool.py:1097: InsecureRequestWarning: Unverified HTTPS request is being made to host 'compassuol.serverest.dev'. Adding certificate verification is strongly advised. See: https://urllib3.readthedocs.io/en/latest/advanced-usage.html#tls-warnings
  warnings.warn(</msg>
<msg time="2026-03-26T09:03:58.321093" level="INFO">${response} = &lt;Response [200]&gt;</msg>
<var>${response}</var>
<arg>serverest</arg>
<arg>/login</arg>
<arg>json=${body}</arg>
<arg>expected_status=any</arg>
<doc>Sends a POST request on a previously created HTTP Session.</doc>
<status status="PASS" start="2026-03-26T09:03:58.133235" elapsed="0.187881"/>
</kw>
<return>
<value>${response}</value>
<status status="PASS" start="2026-03-26T09:03:58.321167" elapsed="0.000028"/>
</return>
<msg time="2026-03-26T09:03:58.321279" level="INFO">${login} = &lt;Response [200]&gt;</msg>
<var>${login}</var>
<arg>${email}</arg>
<arg>${SENHA_USER}</arg>
<doc>Realiza o login na API ServeRest utilizando email e senha, retornando a resposta da requisição:</doc>
<status status="PASS" start="2026-03-26T09:03:58.132696" elapsed="0.188597"/>
</kw>
<kw name="Obter Token" owner="autenticacao">
<kw name="Set Variable" owner="BuiltIn">
<msg time="2026-03-26T09:03:58.322120" level="INFO">${token} = Bearer eyJhbGciOiJIUzI1NiIsInR5cCI6IkpXVCJ9.eyJlbWFpbCI6InVzZXJfdXpmZVZAZW1haWwuY29tIiwicGFzc3dvcmQiOiJwYXNzd29yZDEyMyIsImlhdCI6MTc3NDUyNjYzOSwiZXhwIjoxNzc0NTI3MjM5fQ.zXMKNrpvWVUqZwqziBUIFhGaNPfcdsyBI...</msg>
<var>${token}</var>
<arg>${response.json()['authorization']}</arg>
<doc>Returns the given values which can then be assigned to a variables.</doc>
<status status="PASS" start="2026-03-26T09:03:58.321756" elapsed="0.000380"/>
</kw>
<return>
<value>${token}</value>
<status status="PASS" start="2026-03-26T09:03:58.322164" elapsed="0.000019"/>
</return>
<msg time="2026-03-26T09:03:58.322245" level="INFO">${token} = Bearer eyJhbGciOiJIUzI1NiIsInR5cCI6IkpXVCJ9.eyJlbWFpbCI6InVzZXJfdXpmZVZAZW1haWwuY29tIiwicGFzc3dvcmQiOiJwYXNzd29yZDEyMyIsImlhdCI6MTc3NDUyNjYzOSwiZXhwIjoxNzc0NTI3MjM5fQ.zXMKNrpvWVUqZwqziBUIFhGaNPfcdsyBI...</msg>
<var>${token}</var>
<arg>${login}</arg>
<doc>Extrai o token de autenticação da resposta do login:</doc>
<status status="PASS" start="2026-03-26T09:03:58.321575" elapsed="0.000682"/>
</kw>
<kw name="Criar Produto" owner="produtos">
<kw name="Criar Header Com Token" owner="base">
<kw name="Create Dictionary" owner="BuiltIn">
<msg time="2026-03-26T09:03:58.323114" level="INFO">${headers} = {'Authorization': 'Bearer eyJhbGciOiJIUzI1NiIsInR5cCI6IkpXVCJ9.eyJlbWFpbCI6InVzZXJfdXpmZVZAZW1haWwuY29tIiwicGFzc3dvcmQiOiJwYXNzd29yZDEyMyIsImlhdCI6MTc3NDUyNjYzOSwiZXhwIjoxNzc0NTI3MjM5fQ.zXMKNrpvWVUqZw...</msg>
<var>${headers}</var>
<arg>Authorization=${token}</arg>
<doc>Creates and returns a dictionary based on the given ``items``.</doc>
<status status="PASS" start="2026-03-26T09:03:58.322914" elapsed="0.000216"/>
</kw>
<return>
<value>${headers}</value>
<status status="PASS" start="2026-03-26T09:03:58.323157" elapsed="0.000017"/>
</return>
<msg time="2026-03-26T09:03:58.323236" level="INFO">${headers} = {'Authorization': 'Bearer eyJhbGciOiJIUzI1NiIsInR5cCI6IkpXVCJ9.eyJlbWFpbCI6InVzZXJfdXpmZVZAZW1haWwuY29tIiwicGFzc3dvcmQiOiJwYXNzd29yZDEyMyIsImlhdCI6MTc3NDUyNjYzOSwiZXhwIjoxNzc0NTI3MjM5fQ.zXMKNrpvWVUqZw...</msg>
<var>${headers}</var>
<arg>${token}</arg>
<doc>Cria um header de autenticação utilizando o token fornecido:</doc>
<status status="PASS" start="2026-03-26T09:03:58.322776" elapsed="0.000473"/>
</kw>
<kw name="Generate Random String" owner="String">
<msg time="2026-03-26T09:03:58.323399" level="INFO">${produto} = sBiIp</msg>
<var>${produto}</var>
<arg>5</arg>
<doc>Generates a string with a desired ``length`` from the given ``chars``.</doc>
<status status="PASS" start="2026-03-26T09:03:58.323309" elapsed="0.000102"/>
</kw>
<kw name="Create Dictionary" owner="BuiltIn">
<msg time="2026-03-26T09:03:58.323719" level="INFO">${body} = {'nome': 'Produto sBiIp', 'preco': '100', 'descricao': 'Teste', 'quantidade': '10'}</msg>
<var>${body}</var>
<arg>nome=Produto ${produto}</arg>
<arg>preco=100</arg>
<arg>descricao=Teste</arg>
<arg>quantidade=10</arg>
<doc>Creates and returns a dictionary based on the given ``items``.</doc>
<status status="PASS" start="2026-03-26T09:03:58.323469" elapsed="0.000265"/>
</kw>
<kw name="POST On Session" owner="RequestsLibrary">
<msg time="2026-03-26T09:03:58.514798" level="INFO">POST Request : url=https://compassuol.serverest.dev/produtos 
 path_url=/produtos 
 headers={'User-Agent': 'python-requests/2.32.5', 'Accept-Encoding': 'gzip, deflate, zstd', 'Accept': '*/*', 'Connection': 'keep-alive', 'Authorization': 'Bearer eyJhbGciOiJIUzI1NiIsInR5cCI6IkpXVCJ9.eyJlbWFpbCI6InVzZXJfdXpmZVZAZW1haWwuY29tIiwicGFzc3dvcmQiOiJwYXNzd29yZDEyMyIsImlhdCI6MTc3NDUyNjYzOSwiZXhwIjoxNzc0NTI3MjM5fQ.zXMKNrpvWVUqZwqziBUIFhGaNPfcdsyBIkrWSfveT-U', 'Content-Length': '83', 'Content-Type': 'application/json'} 
 body=b'{"nome": "Produto sBiIp", "preco": "100", "descricao": "Teste", "quantidade": "10"}' 
 </msg>
<msg time="2026-03-26T09:03:58.514899" level="INFO">POST Response : url=https://compassuol.serverest.dev/produtos 
 status=201, reason=Created 
 headers={'access-control-allow-origin': '*', 'x-dns-prefetch-control': 'off', 'x-frame-options': 'SAMEORIGIN', 'strict-transport-security': 'max-age=15552000; includeSubDomains', 'x-download-options': 'noopen', 'x-content-type-options': 'nosniff', 'x-xss-protection': '1; mode=block', 'content-type': 'application/json; charset=utf-8', 'x-cloud-trace-context': '5c92c37c48692d79ac6f66270b49bfea', 'date': 'Thu, 26 Mar 2026 12:04:00 GMT', 'server': 'Google Frontend', 'Content-Length': '82'} 
 body={
    "message": "Cadastro realizado com sucesso",
    "_id": "lbHaOJ4vJ0Ozvcj8"
} 
 </msg>
<msg time="2026-03-26T09:03:58.515048" level="INFO">C:\Users\danis\AppData\Local\Programs\Python\Python314\Lib\site-packages\urllib3\connectionpool.py:1097: InsecureRequestWarning: Unverified HTTPS request is being made to host 'compassuol.serverest.dev'. Adding certificate verification is strongly advised. See: https://urllib3.readthedocs.io/en/latest/advanced-usage.html#tls-warnings
  warnings.warn(</msg>
<msg time="2026-03-26T09:03:58.515499" level="INFO">${response} = &lt;Response [201]&gt;</msg>
<var>${response}</var>
<arg>serverest</arg>
<arg>/produtos</arg>
<arg>json=${body}</arg>
<arg>headers=${headers}</arg>
<arg>expected_status=any</arg>
<doc>Sends a POST request on a previously created HTTP Session.</doc>
<status status="PASS" start="2026-03-26T09:03:58.323808" elapsed="0.191730"/>
</kw>
<return>
<value>${response}</value>
<status status="PASS" start="2026-03-26T09:03:58.515602" elapsed="0.000041"/>
</return>
<msg time="2026-03-26T09:03:58.515823" level="INFO">${produto} = &lt;Response [201]&gt;</msg>
<var>${produto}</var>
<arg>${token}</arg>
<doc>Cria um produto utilizando um token de autenticação, retornando a resposta da requisição:</doc>
<status status="PASS" start="2026-03-26T09:03:58.322595" elapsed="0.193250"/>
</kw>
<kw name="Set Variable" owner="BuiltIn">
<msg time="2026-03-26T09:03:58.516496" level="INFO">${produto_id} = lbHaOJ4vJ0Ozvcj8</msg>
<var>${produto_id}</var>
<arg>${produto.json()['_id']}</arg>
<doc>Returns the given values which can then be assigned to a variables.</doc>
<status status="PASS" start="2026-03-26T09:03:58.515999" elapsed="0.000513"/>
</kw>
<kw name="Criar Carrinho" owner="carrinhos">
<kw name="Criar Header Com Token" owner="base">
<kw name="Create Dictionary" owner="BuiltIn">
<msg time="2026-03-26T09:03:58.517355" level="INFO">${headers} = {'Authorization': 'Bearer eyJhbGciOiJIUzI1NiIsInR5cCI6IkpXVCJ9.eyJlbWFpbCI6InVzZXJfdXpmZVZAZW1haWwuY29tIiwicGFzc3dvcmQiOiJwYXNzd29yZDEyMyIsImlhdCI6MTc3NDUyNjYzOSwiZXhwIjoxNzc0NTI3MjM5fQ.zXMKNrpvWVUqZw...</msg>
<var>${headers}</var>
<arg>Authorization=${token}</arg>
<doc>Creates and returns a dictionary based on the given ``items``.</doc>
<status status="PASS" start="2026-03-26T09:03:58.517149" elapsed="0.000222"/>
</kw>
<return>
<value>${headers}</value>
<status status="PASS" start="2026-03-26T09:03:58.517400" elapsed="0.000020"/>
</return>
<msg time="2026-03-26T09:03:58.517486" level="INFO">${headers} = {'Authorization': 'Bearer eyJhbGciOiJIUzI1NiIsInR5cCI6IkpXVCJ9.eyJlbWFpbCI6InVzZXJfdXpmZVZAZW1haWwuY29tIiwicGFzc3dvcmQiOiJwYXNzd29yZDEyMyIsImlhdCI6MTc3NDUyNjYzOSwiZXhwIjoxNzc0NTI3MjM5fQ.zXMKNrpvWVUqZw...</msg>
<var>${headers}</var>
<arg>${token}</arg>
<doc>Cria um header de autenticação utilizando o token fornecido:</doc>
<status status="PASS" start="2026-03-26T09:03:58.517005" elapsed="0.000494"/>
</kw>
<kw name="Create Dictionary" owner="BuiltIn">
<msg time="2026-03-26T09:03:58.517744" level="INFO">${produto} = {'idProduto': 'lbHaOJ4vJ0Ozvcj8', 'quantidade': '1'}</msg>
<var>${produto}</var>
<arg>idProduto=${produto_id}</arg>
<arg>quantidade=1</arg>
<doc>Creates and returns a dictionary based on the given ``items``.</doc>
<status status="PASS" start="2026-03-26T09:03:58.517567" elapsed="0.000191"/>
</kw>
<kw name="Create List" owner="BuiltIn">
<msg time="2026-03-26T09:03:58.517958" level="INFO">${lista} = [{'idProduto': 'lbHaOJ4vJ0Ozvcj8', 'quantidade': '1'}]</msg>
<var>${lista}</var>
<arg>${produto}</arg>
<doc>Returns a list containing given items.</doc>
<status status="PASS" start="2026-03-26T09:03:58.517817" elapsed="0.000154"/>
</kw>
<kw name="Create Dictionary" owner="BuiltIn">
<msg time="2026-03-26T09:03:58.518184" level="INFO">${body} = {'produtos': [{'idProduto': 'lbHaOJ4vJ0Ozvcj8', 'quantidade': '1'}]}</msg>
<var>${body}</var>
<arg>produtos=${lista}</arg>
<doc>Creates and returns a dictionary based on the given ``items``.</doc>
<status status="PASS" start="2026-03-26T09:03:58.518030" elapsed="0.000167"/>
</kw>
<kw name="POST On Session" owner="RequestsLibrary">
<msg time="2026-03-26T09:03:58.763266" level="INFO">POST Request : url=https://compassuol.serverest.dev/carrinhos 
 path_url=/carrinhos 
 headers={'User-Agent': 'python-requests/2.32.5', 'Accept-Encoding': 'gzip, deflate, zstd', 'Accept': '*/*', 'Connection': 'keep-alive', 'Authorization': 'Bearer eyJhbGciOiJIUzI1NiIsInR5cCI6IkpXVCJ9.eyJlbWFpbCI6InVzZXJfdXpmZVZAZW1haWwuY29tIiwicGFzc3dvcmQiOiJwYXNzd29yZDEyMyIsImlhdCI6MTc3NDUyNjYzOSwiZXhwIjoxNzc0NTI3MjM5fQ.zXMKNrpvWVUqZwqziBUIFhGaNPfcdsyBIkrWSfveT-U', 'Content-Length': '68', 'Content-Type': 'application/json'} 
 body=b'{"produtos": [{"idProduto": "lbHaOJ4vJ0Ozvcj8", "quantidade": "1"}]}' 
 </msg>
<msg time="2026-03-26T09:03:58.763343" level="INFO">POST Response : url=https://compassuol.serverest.dev/carrinhos 
 status=201, reason=Created 
 headers={'access-control-allow-origin': '*', 'x-dns-prefetch-control': 'off', 'x-frame-options': 'SAMEORIGIN', 'strict-transport-security': 'max-age=15552000; includeSubDomains', 'x-download-options': 'noopen', 'x-content-type-options': 'nosniff', 'x-xss-protection': '1; mode=block', 'content-type': 'application/json; charset=utf-8', 'x-cloud-trace-context': '8115853358635b17ac6f66270b49b777', 'date': 'Thu, 26 Mar 2026 12:04:00 GMT', 'server': 'Google Frontend', 'Content-Length': '82'} 
 body={
    "message": "Cadastro realizado com sucesso",
    "_id": "dDdKV0rNTPLugwIK"
} 
 </msg>
<msg time="2026-03-26T09:03:58.763388" level="INFO">C:\Users\danis\AppData\Local\Programs\Python\Python314\Lib\site-packages\urllib3\connectionpool.py:1097: InsecureRequestWarning: Unverified HTTPS request is being made to host 'compassuol.serverest.dev'. Adding certificate verification is strongly advised. See: https://urllib3.readthedocs.io/en/latest/advanced-usage.html#tls-warnings
  warnings.warn(</msg>
<msg time="2026-03-26T09:03:58.763760" level="INFO">${response} = &lt;Response [201]&gt;</msg>
<var>${response}</var>
<arg>serverest</arg>
<arg>/carrinhos</arg>
<arg>json=${body}</arg>
<arg>headers=${headers}</arg>
<arg>expected_status=any</arg>
<doc>Sends a POST request on a previously created HTTP Session.</doc>
<status status="PASS" start="2026-03-26T09:03:58.518252" elapsed="0.245547"/>
</kw>
<return>
<value>${response}</value>
<status status="PASS" start="2026-03-26T09:03:58.763874" elapsed="0.000047"/>
</return>
<msg time="2026-03-26T09:03:58.764029" level="INFO">${res} = &lt;Response [201]&gt;</msg>
<var>${res}</var>
<arg>${token}</arg>
<arg>${produto_id}</arg>
<doc>Cria um carrinho de compras utilizando um token de autenticação e um ID de produto, retornando a resposta da requisição:</doc>
<status status="PASS" start="2026-03-26T09:03:58.516794" elapsed="0.247249"/>
</kw>
<kw name="Validar Carrinho Criado" owner="carrinhos">
<kw name="Status Should Be" owner="RequestsLibrary">
<arg>201</arg>
<arg>${response}</arg>
<doc>Fails if response status code is different than the expected.</doc>
<status status="PASS" start="2026-03-26T09:03:58.764502" elapsed="0.000117"/>
</kw>
<arg>${res}</arg>
<doc>Valida se o carrinho foi criado com sucesso, através do status code da resposta:</doc>
<status status="PASS" start="2026-03-26T09:03:58.764292" elapsed="0.000360"/>
</kw>
<doc>Testa a criação de um carrinho com um produto válido, token e permissão:</doc>
<status status="PASS" start="2026-03-26T09:03:57.650635" elapsed="1.114115"/>
</test>
<test id="s1-s2-t2" name="CT-C02 Produto inválido" line="29">
<kw name="Gerar Email Aleatorio" owner="usuarios">
<kw name="Generate Random String" owner="String">
<msg time="2026-03-26T09:03:58.765614" level="INFO">${random} = KwTEn</msg>
<var>${random}</var>
<arg>5</arg>
<arg>[LETTERS]</arg>
<doc>Generates a string with a desired ``length`` from the given ``chars``.</doc>
<status status="PASS" start="2026-03-26T09:03:58.765487" elapsed="0.000144"/>
</kw>
<kw name="Set Variable" owner="BuiltIn">
<msg time="2026-03-26T09:03:58.765907" level="INFO">${email} = user_KwTEn@email.com</msg>
<var>${email}</var>
<arg>user_${random}@email.com</arg>
<doc>Returns the given values which can then be assigned to a variables.</doc>
<status status="PASS" start="2026-03-26T09:03:58.765701" elapsed="0.000225"/>
</kw>
<return>
<value>${email}</value>
<status status="PASS" start="2026-03-26T09:03:58.765973" elapsed="0.000025"/>
</return>
<msg time="2026-03-26T09:03:58.766066" level="INFO">${email} = user_KwTEn@email.com</msg>
<var>${email}</var>
<doc>Gera um email aleatório para uso nos testes de criação de usuários:</doc>
<status status="PASS" start="2026-03-26T09:03:58.765338" elapsed="0.000741"/>
</kw>
<kw name="Criar Usuario" owner="usuarios">
<kw name="Generate Random String" owner="String">
<msg time="2026-03-26T09:03:58.766648" level="INFO">${random} = MjFe</msg>
<var>${random}</var>
<arg>4</arg>
<arg>[LETTERS]</arg>
<doc>Generates a string with a desired ``length`` from the given ``chars``.</doc>
<status status="PASS" start="2026-03-26T09:03:58.766542" elapsed="0.000120"/>
</kw>
<kw name="Create Dictionary" owner="BuiltIn">
<msg time="2026-03-26T09:03:58.766992" level="INFO">${body} = {'nome': 'User', 'email': 'user_KwTEn@email.com', 'password': 'password123', 'administrador': 'true'}</msg>
<var>${body}</var>
<arg>nome=${nome}</arg>
<arg>email=${email}</arg>
<arg>password=${senha}</arg>
<arg>administrador=${admin}</arg>
<doc>Creates and returns a dictionary based on the given ``items``.</doc>
<status status="PASS" start="2026-03-26T09:03:58.766731" elapsed="0.000278"/>
</kw>
<kw name="POST On Session" owner="RequestsLibrary">
<msg time="2026-03-26T09:03:58.951623" level="INFO">POST Request : url=https://compassuol.serverest.dev/usuarios 
 path_url=/usuarios 
 headers={'User-Agent': 'python-requests/2.32.5', 'Accept-Encoding': 'gzip, deflate, zstd', 'Accept': '*/*', 'Connection': 'keep-alive', 'Content-Length': '101', 'Content-Type': 'application/json'} 
 body=b'{"nome": "User", "email": "user_KwTEn@email.com", "password": "password123", "administrador": "true"}' 
 </msg>
<msg time="2026-03-26T09:03:58.951684" level="INFO">POST Response : url=https://compassuol.serverest.dev/usuarios 
 status=201, reason=Created 
 headers={'access-control-allow-origin': '*', 'x-dns-prefetch-control': 'off', 'x-frame-options': 'SAMEORIGIN', 'strict-transport-security': 'max-age=15552000; includeSubDomains', 'x-download-options': 'noopen', 'x-content-type-options': 'nosniff', 'x-xss-protection': '1; mode=block', 'content-type': 'application/json; charset=utf-8', 'x-cloud-trace-context': 'b39fdaf339fa77d7ac6f66270b49b953', 'date': 'Thu, 26 Mar 2026 12:04:00 GMT', 'server': 'Google Frontend', 'Content-Length': '82'} 
 body={
    "message": "Cadastro realizado com sucesso",
    "_id": "4WhFQ9sohvTSTVjO"
} 
 </msg>
<msg time="2026-03-26T09:03:58.951722" level="INFO">C:\Users\danis\AppData\Local\Programs\Python\Python314\Lib\site-packages\urllib3\connectionpool.py:1097: InsecureRequestWarning: Unverified HTTPS request is being made to host 'compassuol.serverest.dev'. Adding certificate verification is strongly advised. See: https://urllib3.readthedocs.io/en/latest/advanced-usage.html#tls-warnings
  warnings.warn(</msg>
<msg time="2026-03-26T09:03:58.951957" level="INFO">${response} = &lt;Response [201]&gt;</msg>
<var>${response}</var>
<arg>serverest</arg>
<arg>/usuarios</arg>
<arg>json=${body}</arg>
<arg>expected_status=any</arg>
<doc>Sends a POST request on a previously created HTTP Session.</doc>
<status status="PASS" start="2026-03-26T09:03:58.767075" elapsed="0.184906"/>
</kw>
<return>
<value>${response}</value>
<status status="PASS" start="2026-03-26T09:03:58.952038" elapsed="0.000043"/>
</return>
<arg>User</arg>
<arg>${email}</arg>
<arg>${SENHA_USER}</arg>
<arg>true</arg>
<doc>Cria um usuário utilizando um nome, email, senha e status de administrador, retornando a resposta da requisição:</doc>
<status status="PASS" start="2026-03-26T09:03:58.766356" elapsed="0.185809"/>
</kw>
<kw name="Realizar Login" owner="autenticacao">
<kw name="Create Dictionary" owner="BuiltIn">
<msg time="2026-03-26T09:03:58.952936" level="INFO">${body} = {'email': 'user_KwTEn@email.com', 'password': 'password123'}</msg>
<var>${body}</var>
<arg>email=${email}</arg>
<arg>password=${senha}</arg>
<doc>Creates and returns a dictionary based on the given ``items``.</doc>
<status status="PASS" start="2026-03-26T09:03:58.952661" elapsed="0.000292"/>
</kw>
<kw name="POST On Session" owner="RequestsLibrary">
<msg time="2026-03-26T09:03:59.139764" level="INFO">POST Request : url=https://compassuol.serverest.dev/login 
 path_url=/login 
 headers={'User-Agent': 'python-requests/2.32.5', 'Accept-Encoding': 'gzip, deflate, zstd', 'Accept': '*/*', 'Connection': 'keep-alive', 'Content-Length': '60', 'Content-Type': 'application/json'} 
 body=b'{"email": "user_KwTEn@email.com", "password": "password123"}' 
 </msg>
<msg time="2026-03-26T09:03:59.139821" level="INFO">POST Response : url=https://compassuol.serverest.dev/login 
 status=200, reason=OK 
 headers={'access-control-allow-origin': '*', 'x-dns-prefetch-control': 'off', 'x-frame-options': 'SAMEORIGIN', 'strict-transport-security': 'max-age=15552000; includeSubDomains', 'x-download-options': 'noopen', 'x-content-type-options': 'nosniff', 'x-xss-protection': '1; mode=block', 'content-type': 'application/json; charset=utf-8', 'x-cloud-trace-context': 'f50fcd9baf7c55c8ac6f66270b49b26a', 'date': 'Thu, 26 Mar 2026 12:04:00 GMT', 'server': 'Google Frontend', 'Content-Length': '283'} 
 body={
    "message": "Login realizado com sucesso",
    "authorization": "Bearer eyJhbGciOiJIUzI1NiIsInR5cCI6IkpXVCJ9.eyJlbWFpbCI6InVzZXJfS3dURW5AZW1haWwuY29tIiwicGFzc3dvcmQiOiJwYXNzd29yZDEyMyIsImlhdCI6MTc3NDUyNjY0MCwiZXhwIjoxNzc0NTI3MjQwfQ.vWoTZkHlYj5vAEK8mcNsONfqkEBBIq2goj2EZMmdyA8"
} 
 </msg>
<msg time="2026-03-26T09:03:59.139858" level="INFO">C:\Users\danis\AppData\Local\Programs\Python\Python314\Lib\site-packages\urllib3\connectionpool.py:1097: InsecureRequestWarning: Unverified HTTPS request is being made to host 'compassuol.serverest.dev'. Adding certificate verification is strongly advised. See: https://urllib3.readthedocs.io/en/latest/advanced-usage.html#tls-warnings
  warnings.warn(</msg>
<msg time="2026-03-26T09:03:59.140126" level="INFO">${response} = &lt;Response [200]&gt;</msg>
<var>${response}</var>
<arg>serverest</arg>
<arg>/login</arg>
<arg>json=${body}</arg>
<arg>expected_status=any</arg>
<doc>Sends a POST request on a previously created HTTP Session.</doc>
<status status="PASS" start="2026-03-26T09:03:58.953043" elapsed="0.187105"/>
</kw>
<return>
<value>${response}</value>
<status status="PASS" start="2026-03-26T09:03:59.140197" elapsed="0.000026"/>
</return>
<msg time="2026-03-26T09:03:59.140312" level="INFO">${login} = &lt;Response [200]&gt;</msg>
<var>${login}</var>
<arg>${email}</arg>
<arg>${SENHA_USER}</arg>
<doc>Realiza o login na API ServeRest utilizando email e senha, retornando a resposta da requisição:</doc>
<status status="PASS" start="2026-03-26T09:03:58.952430" elapsed="0.187896"/>
</kw>
<kw name="Obter Token" owner="autenticacao">
<kw name="Set Variable" owner="BuiltIn">
<msg time="2026-03-26T09:03:59.141044" level="INFO">${token} = Bearer eyJhbGciOiJIUzI1NiIsInR5cCI6IkpXVCJ9.eyJlbWFpbCI6InVzZXJfS3dURW5AZW1haWwuY29tIiwicGFzc3dvcmQiOiJwYXNzd29yZDEyMyIsImlhdCI6MTc3NDUyNjY0MCwiZXhwIjoxNzc0NTI3MjQwfQ.vWoTZkHlYj5vAEK8mcNsONfqkEBBIq2go...</msg>
<var>${token}</var>
<arg>${response.json()['authorization']}</arg>
<doc>Returns the given values which can then be assigned to a variables.</doc>
<status status="PASS" start="2026-03-26T09:03:59.140692" elapsed="0.000367"/>
</kw>
<return>
<value>${token}</value>
<status status="PASS" start="2026-03-26T09:03:59.141085" elapsed="0.000018"/>
</return>
<msg time="2026-03-26T09:03:59.141161" level="INFO">${token} = Bearer eyJhbGciOiJIUzI1NiIsInR5cCI6IkpXVCJ9.eyJlbWFpbCI6InVzZXJfS3dURW5AZW1haWwuY29tIiwicGFzc3dvcmQiOiJwYXNzd29yZDEyMyIsImlhdCI6MTc3NDUyNjY0MCwiZXhwIjoxNzc0NTI3MjQwfQ.vWoTZkHlYj5vAEK8mcNsONfqkEBBIq2go...</msg>
<var>${token}</var>
<arg>${login}</arg>
<doc>Extrai o token de autenticação da resposta do login:</doc>
<status status="PASS" start="2026-03-26T09:03:59.140524" elapsed="0.000650"/>
</kw>
<kw name="Criar Carrinho" owner="carrinhos">
<kw name="Criar Header Com Token" owner="base">
<kw name="Create Dictionary" owner="BuiltIn">
<msg time="2026-03-26T09:03:59.141895" level="INFO">${headers} = {'Authorization': 'Bearer eyJhbGciOiJIUzI1NiIsInR5cCI6IkpXVCJ9.eyJlbWFpbCI6InVzZXJfS3dURW5AZW1haWwuY29tIiwicGFzc3dvcmQiOiJwYXNzd29yZDEyMyIsImlhdCI6MTc3NDUyNjY0MCwiZXhwIjoxNzc0NTI3MjQwfQ.vWoTZkHlYj5vAE...</msg>
<var>${headers}</var>
<arg>Authorization=${token}</arg>
<doc>Creates and returns a dictionary based on the given ``items``.</doc>
<status status="PASS" start="2026-03-26T09:03:59.141696" elapsed="0.000216"/>
</kw>
<return>
<value>${headers}</value>
<status status="PASS" start="2026-03-26T09:03:59.141938" elapsed="0.000015"/>
</return>
<msg time="2026-03-26T09:03:59.142013" level="INFO">${headers} = {'Authorization': 'Bearer eyJhbGciOiJIUzI1NiIsInR5cCI6IkpXVCJ9.eyJlbWFpbCI6InVzZXJfS3dURW5AZW1haWwuY29tIiwicGFzc3dvcmQiOiJwYXNzd29yZDEyMyIsImlhdCI6MTc3NDUyNjY0MCwiZXhwIjoxNzc0NTI3MjQwfQ.vWoTZkHlYj5vAE...</msg>
<var>${headers}</var>
<arg>${token}</arg>
<doc>Cria um header de autenticação utilizando o token fornecido:</doc>
<status status="PASS" start="2026-03-26T09:03:59.141553" elapsed="0.000473"/>
</kw>
<kw name="Create Dictionary" owner="BuiltIn">
<msg time="2026-03-26T09:03:59.142271" level="INFO">${produto} = {'idProduto': 'BbgfO3IlXI4xIII8', 'quantidade': '1'}</msg>
<var>${produto}</var>
<arg>idProduto=${produto_id}</arg>
<arg>quantidade=1</arg>
<doc>Creates and returns a dictionary based on the given ``items``.</doc>
<status status="PASS" start="2026-03-26T09:03:59.142090" elapsed="0.000197"/>
</kw>
<kw name="Create List" owner="BuiltIn">
<msg time="2026-03-26T09:03:59.142492" level="INFO">${lista} = [{'idProduto': 'BbgfO3IlXI4xIII8', 'quantidade': '1'}]</msg>
<var>${lista}</var>
<arg>${produto}</arg>
<doc>Returns a list containing given items.</doc>
<status status="PASS" start="2026-03-26T09:03:59.142349" elapsed="0.000158"/>
</kw>
<kw name="Create Dictionary" owner="BuiltIn">
<msg time="2026-03-26T09:03:59.143012" level="INFO">${body} = {'produtos': [{'idProduto': 'BbgfO3IlXI4xIII8', 'quantidade': '1'}]}</msg>
<var>${body}</var>
<arg>produtos=${lista}</arg>
<doc>Creates and returns a dictionary based on the given ``items``.</doc>
<status status="PASS" start="2026-03-26T09:03:59.142564" elapsed="0.000469"/>
</kw>
<kw name="POST On Session" owner="RequestsLibrary">
<msg time="2026-03-26T09:03:59.316917" level="INFO">POST Request : url=https://compassuol.serverest.dev/carrinhos 
 path_url=/carrinhos 
 headers={'User-Agent': 'python-requests/2.32.5', 'Accept-Encoding': 'gzip, deflate, zstd', 'Accept': '*/*', 'Connection': 'keep-alive', 'Authorization': 'Bearer eyJhbGciOiJIUzI1NiIsInR5cCI6IkpXVCJ9.eyJlbWFpbCI6InVzZXJfS3dURW5AZW1haWwuY29tIiwicGFzc3dvcmQiOiJwYXNzd29yZDEyMyIsImlhdCI6MTc3NDUyNjY0MCwiZXhwIjoxNzc0NTI3MjQwfQ.vWoTZkHlYj5vAEK8mcNsONfqkEBBIq2goj2EZMmdyA8', 'Content-Length': '68', 'Content-Type': 'application/json'} 
 body=b'{"produtos": [{"idProduto": "BbgfO3IlXI4xIII8", "quantidade": "1"}]}' 
 </msg>
<msg time="2026-03-26T09:03:59.316978" level="INFO">POST Response : url=https://compassuol.serverest.dev/carrinhos 
 status=400, reason=Bad Request 
 headers={'access-control-allow-origin': '*', 'x-dns-prefetch-control': 'off', 'x-frame-options': 'SAMEORIGIN', 'strict-transport-security': 'max-age=15552000; includeSubDomains', 'x-download-options': 'noopen', 'x-content-type-options': 'nosniff', 'x-xss-protection': '1; mode=block', 'content-type': 'application/json; charset=utf-8', 'x-cloud-trace-context': '03c0d4c24163b279ac6f66270b49be95', 'date': 'Thu, 26 Mar 2026 12:04:00 GMT', 'server': 'Google Frontend', 'Content-Length': '150'} 
 body={
    "message": "Produto não encontrado",
    "item": {
        "idProduto": "BbgfO3IlXI4xIII8",
        "quantidade": 1,
        "index": 0
    }
} 
 </msg>
<msg time="2026-03-26T09:03:59.317021" level="INFO">C:\Users\danis\AppData\Local\Programs\Python\Python314\Lib\site-packages\urllib3\connectionpool.py:1097: InsecureRequestWarning: Unverified HTTPS request is being made to host 'compassuol.serverest.dev'. Adding certificate verification is strongly advised. See: https://urllib3.readthedocs.io/en/latest/advanced-usage.html#tls-warnings
  warnings.warn(</msg>
<msg time="2026-03-26T09:03:59.317277" level="INFO">${response} = &lt;Response [400]&gt;</msg>
<var>${response}</var>
<arg>serverest</arg>
<arg>/carrinhos</arg>
<arg>json=${body}</arg>
<arg>headers=${headers}</arg>
<arg>expected_status=any</arg>
<doc>Sends a POST request on a previously created HTTP Session.</doc>
<status status="PASS" start="2026-03-26T09:03:59.143138" elapsed="0.174162"/>
</kw>
<return>
<value>${response}</value>
<status status="PASS" start="2026-03-26T09:03:59.317349" elapsed="0.000027"/>
</return>
<msg time="2026-03-26T09:03:59.317456" level="INFO">${res} = &lt;Response [400]&gt;</msg>
<var>${res}</var>
<arg>${token}</arg>
<arg>BbgfO3IlXI4xIII8</arg>
<doc>Cria um carrinho de compras utilizando um token de autenticação e um ID de produto, retornando a resposta da requisição:</doc>
<status status="PASS" start="2026-03-26T09:03:59.141379" elapsed="0.176091"/>
</kw>
<kw name="Validar Produto Inválido" owner="carrinhos">
<kw name="Status Should Be" owner="RequestsLibrary">
<arg>400</arg>
<arg>${response}</arg>
<doc>Fails if response status code is different than the expected.</doc>
<status status="PASS" start="2026-03-26T09:03:59.318017" elapsed="0.000100"/>
</kw>
<arg>${res}</arg>
<doc>Valida se o produto é inválido, através do status code da resposta:</doc>
<status status="PASS" start="2026-03-26T09:03:59.317830" elapsed="0.000320"/>
</kw>
<doc>Testa a criação de um carrinho utilizando um ID de produto inválido:</doc>
<status status="PASS" start="2026-03-26T09:03:58.764998" elapsed="0.553264"/>
</test>
<test id="s1-s2-t3" name="CT-C03 Concluir uma compra" line="42">
<kw name="Gerar Email Aleatorio" owner="usuarios">
<kw name="Generate Random String" owner="String">
<msg time="2026-03-26T09:03:59.318966" level="INFO">${random} = ZnAnT</msg>
<var>${random}</var>
<arg>5</arg>
<arg>[LETTERS]</arg>
<doc>Generates a string with a desired ``length`` from the given ``chars``.</doc>
<status status="PASS" start="2026-03-26T09:03:59.318863" elapsed="0.000119"/>
</kw>
<kw name="Set Variable" owner="BuiltIn">
<msg time="2026-03-26T09:03:59.319229" level="INFO">${email} = user_ZnAnT@email.com</msg>
<var>${email}</var>
<arg>user_${random}@email.com</arg>
<doc>Returns the given values which can then be assigned to a variables.</doc>
<status status="PASS" start="2026-03-26T09:03:59.319044" elapsed="0.000199"/>
</kw>
<return>
<value>${email}</value>
<status status="PASS" start="2026-03-26T09:03:59.319270" elapsed="0.000020"/>
</return>
<msg time="2026-03-26T09:03:59.319350" level="INFO">${email} = user_ZnAnT@email.com</msg>
<var>${email}</var>
<doc>Gera um email aleatório para uso nos testes de criação de usuários:</doc>
<status status="PASS" start="2026-03-26T09:03:59.318733" elapsed="0.000629"/>
</kw>
<kw name="Criar Usuario" owner="usuarios">
<kw name="Generate Random String" owner="String">
<msg time="2026-03-26T09:03:59.319805" level="INFO">${random} = pPlX</msg>
<var>${random}</var>
<arg>4</arg>
<arg>[LETTERS]</arg>
<doc>Generates a string with a desired ``length`` from the given ``chars``.</doc>
<status status="PASS" start="2026-03-26T09:03:59.319715" elapsed="0.000103"/>
</kw>
<kw name="Create Dictionary" owner="BuiltIn">
<msg time="2026-03-26T09:03:59.320129" level="INFO">${body} = {'nome': 'User', 'email': 'user_ZnAnT@email.com', 'password': 'password123', 'administrador': 'true'}</msg>
<var>${body}</var>
<arg>nome=${nome}</arg>
<arg>email=${email}</arg>
<arg>password=${senha}</arg>
<arg>administrador=${admin}</arg>
<doc>Creates and returns a dictionary based on the given ``items``.</doc>
<status status="PASS" start="2026-03-26T09:03:59.319882" elapsed="0.000261"/>
</kw>
<kw name="POST On Session" owner="RequestsLibrary">
<msg time="2026-03-26T09:03:59.512221" level="INFO">POST Request : url=https://compassuol.serverest.dev/usuarios 
 path_url=/usuarios 
 headers={'User-Agent': 'python-requests/2.32.5', 'Accept-Encoding': 'gzip, deflate, zstd', 'Accept': '*/*', 'Connection': 'keep-alive', 'Content-Length': '101', 'Content-Type': 'application/json'} 
 body=b'{"nome": "User", "email": "user_ZnAnT@email.com", "password": "password123", "administrador": "true"}' 
 </msg>
<msg time="2026-03-26T09:03:59.512293" level="INFO">POST Response : url=https://compassuol.serverest.dev/usuarios 
 status=201, reason=Created 
 headers={'access-control-allow-origin': '*', 'x-dns-prefetch-control': 'off', 'x-frame-options': 'SAMEORIGIN', 'strict-transport-security': 'max-age=15552000; includeSubDomains', 'x-download-options': 'noopen', 'x-content-type-options': 'nosniff', 'x-xss-protection': '1; mode=block', 'content-type': 'application/json; charset=utf-8', 'x-cloud-trace-context': 'cd3da49860d5772aac6f66270b49b5ab', 'date': 'Thu, 26 Mar 2026 12:04:01 GMT', 'server': 'Google Frontend', 'Content-Length': '82'} 
 body={
    "message": "Cadastro realizado com sucesso",
    "_id": "4tVwJsy1dDHT4aDO"
} 
 </msg>
<msg time="2026-03-26T09:03:59.512336" level="INFO">C:\Users\danis\AppData\Local\Programs\Python\Python314\Lib\site-packages\urllib3\connectionpool.py:1097: InsecureRequestWarning: Unverified HTTPS request is being made to host 'compassuol.serverest.dev'. Adding certificate verification is strongly advised. See: https://urllib3.readthedocs.io/en/latest/advanced-usage.html#tls-warnings
  warnings.warn(</msg>
<msg time="2026-03-26T09:03:59.523084" level="INFO">${response} = &lt;Response [201]&gt;</msg>
<var>${response}</var>
<arg>serverest</arg>
<arg>/usuarios</arg>
<arg>json=${body}</arg>
<arg>expected_status=any</arg>
<doc>Sends a POST request on a previously created HTTP Session.</doc>
<status status="PASS" start="2026-03-26T09:03:59.320204" elapsed="0.202913"/>
</kw>
<return>
<value>${response}</value>
<status status="PASS" start="2026-03-26T09:03:59.523171" elapsed="0.000030"/>
</return>
<arg>User</arg>
<arg>${email}</arg>
<arg>${SENHA_USER}</arg>
<arg>true</arg>
<doc>Cria um usuário utilizando um nome, email, senha e status de administrador, retornando a resposta da requisição:</doc>
<status status="PASS" start="2026-03-26T09:03:59.319541" elapsed="0.203732"/>
</kw>
<kw name="Realizar Login" owner="autenticacao">
<kw name="Create Dictionary" owner="BuiltIn">
<msg time="2026-03-26T09:03:59.523994" level="INFO">${body} = {'email': 'user_ZnAnT@email.com', 'password': 'password123'}</msg>
<var>${body}</var>
<arg>email=${email}</arg>
<arg>password=${senha}</arg>
<doc>Creates and returns a dictionary based on the given ``items``.</doc>
<status status="PASS" start="2026-03-26T09:03:59.523742" elapsed="0.000268"/>
</kw>
<kw name="POST On Session" owner="RequestsLibrary">
<msg time="2026-03-26T09:03:59.699954" level="INFO">POST Request : url=https://compassuol.serverest.dev/login 
 path_url=/login 
 headers={'User-Agent': 'python-requests/2.32.5', 'Accept-Encoding': 'gzip, deflate, zstd', 'Accept': '*/*', 'Connection': 'keep-alive', 'Content-Length': '60', 'Content-Type': 'application/json'} 
 body=b'{"email": "user_ZnAnT@email.com", "password": "password123"}' 
 </msg>
<msg time="2026-03-26T09:03:59.700028" level="INFO">POST Response : url=https://compassuol.serverest.dev/login 
 status=200, reason=OK 
 headers={'access-control-allow-origin': '*', 'x-dns-prefetch-control': 'off', 'x-frame-options': 'SAMEORIGIN', 'strict-transport-security': 'max-age=15552000; includeSubDomains', 'x-download-options': 'noopen', 'x-content-type-options': 'nosniff', 'x-xss-protection': '1; mode=block', 'content-type': 'application/json; charset=utf-8', 'x-cloud-trace-context': '32bb7d62a6390335ac6f66270b49bd6c', 'date': 'Thu, 26 Mar 2026 12:04:01 GMT', 'server': 'Google Frontend', 'Content-Length': '283'} 
 body={
    "message": "Login realizado com sucesso",
    "authorization": "Bearer eyJhbGciOiJIUzI1NiIsInR5cCI6IkpXVCJ9.eyJlbWFpbCI6InVzZXJfWm5BblRAZW1haWwuY29tIiwicGFzc3dvcmQiOiJwYXNzd29yZDEyMyIsImlhdCI6MTc3NDUyNjY0MSwiZXhwIjoxNzc0NTI3MjQxfQ.MVvNz-Gvsma7cnwx39n0fTBFiI3tDf0_4VP_ungmn6U"
} 
 </msg>
<msg time="2026-03-26T09:03:59.700075" level="INFO">C:\Users\danis\AppData\Local\Programs\Python\Python314\Lib\site-packages\urllib3\connectionpool.py:1097: InsecureRequestWarning: Unverified HTTPS request is being made to host 'compassuol.serverest.dev'. Adding certificate verification is strongly advised. See: https://urllib3.readthedocs.io/en/latest/advanced-usage.html#tls-warnings
  warnings.warn(</msg>
<msg time="2026-03-26T09:03:59.700433" level="INFO">${response} = &lt;Response [200]&gt;</msg>
<var>${response}</var>
<arg>serverest</arg>
<arg>/login</arg>
<arg>json=${body}</arg>
<arg>expected_status=any</arg>
<doc>Sends a POST request on a previously created HTTP Session.</doc>
<status status="PASS" start="2026-03-26T09:03:59.524078" elapsed="0.176380"/>
</kw>
<return>
<value>${response}</value>
<status status="PASS" start="2026-03-26T09:03:59.700531" elapsed="0.000047"/>
</return>
<msg time="2026-03-26T09:03:59.700696" level="INFO">${login} = &lt;Response [200]&gt;</msg>
<var>${login}</var>
<arg>${email}</arg>
<arg>${SENHA_USER}</arg>
<doc>Realiza o login na API ServeRest utilizando email e senha, retornando a resposta da requisição:</doc>
<status status="PASS" start="2026-03-26T09:03:59.523505" elapsed="0.177205"/>
</kw>
<kw name="Obter Token" owner="autenticacao">
<kw name="Set Variable" owner="BuiltIn">
<msg time="2026-03-26T09:03:59.701624" level="INFO">${token} = Bearer eyJhbGciOiJIUzI1NiIsInR5cCI6IkpXVCJ9.eyJlbWFpbCI6InVzZXJfWm5BblRAZW1haWwuY29tIiwicGFzc3dvcmQiOiJwYXNzd29yZDEyMyIsImlhdCI6MTc3NDUyNjY0MSwiZXhwIjoxNzc0NTI3MjQxfQ.MVvNz-Gvsma7cnwx39n0fTBFiI3tDf0_4...</msg>
<var>${token}</var>
<arg>${response.json()['authorization']}</arg>
<doc>Returns the given values which can then be assigned to a variables.</doc>
<status status="PASS" start="2026-03-26T09:03:59.701233" elapsed="0.000407"/>
</kw>
<return>
<value>${token}</value>
<status status="PASS" start="2026-03-26T09:03:59.701670" elapsed="0.000019"/>
</return>
<msg time="2026-03-26T09:03:59.701751" level="INFO">${token} = Bearer eyJhbGciOiJIUzI1NiIsInR5cCI6IkpXVCJ9.eyJlbWFpbCI6InVzZXJfWm5BblRAZW1haWwuY29tIiwicGFzc3dvcmQiOiJwYXNzd29yZDEyMyIsImlhdCI6MTc3NDUyNjY0MSwiZXhwIjoxNzc0NTI3MjQxfQ.MVvNz-Gvsma7cnwx39n0fTBFiI3tDf0_4...</msg>
<var>${token}</var>
<arg>${login}</arg>
<doc>Extrai o token de autenticação da resposta do login:</doc>
<status status="PASS" start="2026-03-26T09:03:59.701045" elapsed="0.000719"/>
</kw>
<kw name="Criar Produto" owner="produtos">
<kw name="Criar Header Com Token" owner="base">
<kw name="Create Dictionary" owner="BuiltIn">
<msg time="2026-03-26T09:03:59.702683" level="INFO">${headers} = {'Authorization': 'Bearer eyJhbGciOiJIUzI1NiIsInR5cCI6IkpXVCJ9.eyJlbWFpbCI6InVzZXJfWm5BblRAZW1haWwuY29tIiwicGFzc3dvcmQiOiJwYXNzd29yZDEyMyIsImlhdCI6MTc3NDUyNjY0MSwiZXhwIjoxNzc0NTI3MjQxfQ.MVvNz-Gvsma7cn...</msg>
<var>${headers}</var>
<arg>Authorization=${token}</arg>
<doc>Creates and returns a dictionary based on the given ``items``.</doc>
<status status="PASS" start="2026-03-26T09:03:59.702466" elapsed="0.000233"/>
</kw>
<return>
<value>${headers}</value>
<status status="PASS" start="2026-03-26T09:03:59.702726" elapsed="0.000018"/>
</return>
<msg time="2026-03-26T09:03:59.702807" level="INFO">${headers} = {'Authorization': 'Bearer eyJhbGciOiJIUzI1NiIsInR5cCI6IkpXVCJ9.eyJlbWFpbCI6InVzZXJfWm5BblRAZW1haWwuY29tIiwicGFzc3dvcmQiOiJwYXNzd29yZDEyMyIsImlhdCI6MTc3NDUyNjY0MSwiZXhwIjoxNzc0NTI3MjQxfQ.MVvNz-Gvsma7cn...</msg>
<var>${headers}</var>
<arg>${token}</arg>
<doc>Cria um header de autenticação utilizando o token fornecido:</doc>
<status status="PASS" start="2026-03-26T09:03:59.702315" elapsed="0.000505"/>
</kw>
<kw name="Generate Random String" owner="String">
<msg time="2026-03-26T09:03:59.702982" level="INFO">${produto} = ddBP9</msg>
<var>${produto}</var>
<arg>5</arg>
<doc>Generates a string with a desired ``length`` from the given ``chars``.</doc>
<status status="PASS" start="2026-03-26T09:03:59.702885" elapsed="0.000110"/>
</kw>
<kw name="Create Dictionary" owner="BuiltIn">
<msg time="2026-03-26T09:03:59.703274" level="INFO">${body} = {'nome': 'Produto ddBP9', 'preco': '100', 'descricao': 'Teste', 'quantidade': '10'}</msg>
<var>${body}</var>
<arg>nome=Produto ${produto}</arg>
<arg>preco=100</arg>
<arg>descricao=Teste</arg>
<arg>quantidade=10</arg>
<doc>Creates and returns a dictionary based on the given ``items``.</doc>
<status status="PASS" start="2026-03-26T09:03:59.703069" elapsed="0.000219"/>
</kw>
<kw name="POST On Session" owner="RequestsLibrary">
<msg time="2026-03-26T09:03:59.897630" level="INFO">POST Request : url=https://compassuol.serverest.dev/produtos 
 path_url=/produtos 
 headers={'User-Agent': 'python-requests/2.32.5', 'Accept-Encoding': 'gzip, deflate, zstd', 'Accept': '*/*', 'Connection': 'keep-alive', 'Authorization': 'Bearer eyJhbGciOiJIUzI1NiIsInR5cCI6IkpXVCJ9.eyJlbWFpbCI6InVzZXJfWm5BblRAZW1haWwuY29tIiwicGFzc3dvcmQiOiJwYXNzd29yZDEyMyIsImlhdCI6MTc3NDUyNjY0MSwiZXhwIjoxNzc0NTI3MjQxfQ.MVvNz-Gvsma7cnwx39n0fTBFiI3tDf0_4VP_ungmn6U', 'Content-Length': '83', 'Content-Type': 'application/json'} 
 body=b'{"nome": "Produto ddBP9", "preco": "100", "descricao": "Teste", "quantidade": "10"}' 
 </msg>
<msg time="2026-03-26T09:03:59.897690" level="INFO">POST Response : url=https://compassuol.serverest.dev/produtos 
 status=201, reason=Created 
 headers={'access-control-allow-origin': '*', 'x-dns-prefetch-control': 'off', 'x-frame-options': 'SAMEORIGIN', 'strict-transport-security': 'max-age=15552000; includeSubDomains', 'x-download-options': 'noopen', 'x-content-type-options': 'nosniff', 'x-xss-protection': '1; mode=block', 'content-type': 'application/json; charset=utf-8', 'x-cloud-trace-context': '84e5b77d2db0105cac6f66270b49b1b1', 'date': 'Thu, 26 Mar 2026 12:04:01 GMT', 'server': 'Google Frontend', 'Content-Length': '82'} 
 body={
    "message": "Cadastro realizado com sucesso",
    "_id": "dElSIxiZ44lRWaCp"
} 
 </msg>
<msg time="2026-03-26T09:03:59.897726" level="INFO">C:\Users\danis\AppData\Local\Programs\Python\Python314\Lib\site-packages\urllib3\connectionpool.py:1097: InsecureRequestWarning: Unverified HTTPS request is being made to host 'compassuol.serverest.dev'. Adding certificate verification is strongly advised. See: https://urllib3.readthedocs.io/en/latest/advanced-usage.html#tls-warnings
  warnings.warn(</msg>
<msg time="2026-03-26T09:03:59.898049" level="INFO">${response} = &lt;Response [201]&gt;</msg>
<var>${response}</var>
<arg>serverest</arg>
<arg>/produtos</arg>
<arg>json=${body}</arg>
<arg>headers=${headers}</arg>
<arg>expected_status=any</arg>
<doc>Sends a POST request on a previously created HTTP Session.</doc>
<status status="PASS" start="2026-03-26T09:03:59.703348" elapsed="0.194733"/>
</kw>
<return>
<value>${response}</value>
<status status="PASS" start="2026-03-26T09:03:59.898139" elapsed="0.000082"/>
</return>
<msg time="2026-03-26T09:03:59.898330" level="INFO">${produto} = &lt;Response [201]&gt;</msg>
<var>${produto}</var>
<arg>${token}</arg>
<doc>Cria um produto utilizando um token de autenticação, retornando a resposta da requisição:</doc>
<status status="PASS" start="2026-03-26T09:03:59.702123" elapsed="0.196224"/>
</kw>
<kw name="Set Variable" owner="BuiltIn">
<msg time="2026-03-26T09:03:59.898973" level="INFO">${produto_id} = dElSIxiZ44lRWaCp</msg>
<var>${produto_id}</var>
<arg>${produto.json()['_id']}</arg>
<doc>Returns the given values which can then be assigned to a variables.</doc>
<status status="PASS" start="2026-03-26T09:03:59.898522" elapsed="0.000468"/>
</kw>
<kw name="Criar Carrinho" owner="carrinhos">
<kw name="Criar Header Com Token" owner="base">
<kw name="Create Dictionary" owner="BuiltIn">
<msg time="2026-03-26T09:03:59.899890" level="INFO">${headers} = {'Authorization': 'Bearer eyJhbGciOiJIUzI1NiIsInR5cCI6IkpXVCJ9.eyJlbWFpbCI6InVzZXJfWm5BblRAZW1haWwuY29tIiwicGFzc3dvcmQiOiJwYXNzd29yZDEyMyIsImlhdCI6MTc3NDUyNjY0MSwiZXhwIjoxNzc0NTI3MjQxfQ.MVvNz-Gvsma7cn...</msg>
<var>${headers}</var>
<arg>Authorization=${token}</arg>
<doc>Creates and returns a dictionary based on the given ``items``.</doc>
<status status="PASS" start="2026-03-26T09:03:59.899567" elapsed="0.000345"/>
</kw>
<return>
<value>${headers}</value>
<status status="PASS" start="2026-03-26T09:03:59.899946" elapsed="0.000023"/>
</return>
<msg time="2026-03-26T09:03:59.900070" level="INFO">${headers} = {'Authorization': 'Bearer eyJhbGciOiJIUzI1NiIsInR5cCI6IkpXVCJ9.eyJlbWFpbCI6InVzZXJfWm5BblRAZW1haWwuY29tIiwicGFzc3dvcmQiOiJwYXNzd29yZDEyMyIsImlhdCI6MTc3NDUyNjY0MSwiZXhwIjoxNzc0NTI3MjQxfQ.MVvNz-Gvsma7cn...</msg>
<var>${headers}</var>
<arg>${token}</arg>
<doc>Cria um header de autenticação utilizando o token fornecido:</doc>
<status status="PASS" start="2026-03-26T09:03:59.899410" elapsed="0.000676"/>
</kw>
<kw name="Create Dictionary" owner="BuiltIn">
<msg time="2026-03-26T09:03:59.900680" level="INFO">${produto} = {'idProduto': 'dElSIxiZ44lRWaCp', 'quantidade': '1'}</msg>
<var>${produto}</var>
<arg>idProduto=${produto_id}</arg>
<arg>quantidade=1</arg>
<doc>Creates and returns a dictionary based on the given ``items``.</doc>
<status status="PASS" start="2026-03-26T09:03:59.900340" elapsed="0.000360"/>
</kw>
<kw name="Create List" owner="BuiltIn">
<msg time="2026-03-26T09:03:59.901123" level="INFO">${lista} = [{'idProduto': 'dElSIxiZ44lRWaCp', 'quantidade': '1'}]</msg>
<var>${lista}</var>
<arg>${produto}</arg>
<doc>Returns a list containing given items.</doc>
<status status="PASS" start="2026-03-26T09:03:59.900917" elapsed="0.000227"/>
</kw>
<kw name="Create Dictionary" owner="BuiltIn">
<msg time="2026-03-26T09:03:59.901590" level="INFO">${body} = {'produtos': [{'idProduto': 'dElSIxiZ44lRWaCp', 'quantidade': '1'}]}</msg>
<var>${body}</var>
<arg>produtos=${lista}</arg>
<doc>Creates and returns a dictionary based on the given ``items``.</doc>
<status status="PASS" start="2026-03-26T09:03:59.901236" elapsed="0.000377"/>
</kw>
<kw name="POST On Session" owner="RequestsLibrary">
<msg time="2026-03-26T09:04:00.078900" level="INFO">POST Request : url=https://compassuol.serverest.dev/carrinhos 
 path_url=/carrinhos 
[...]
</kw>
<test id="s1-s4-t1" name="CT-U01 Criar usuário" line="10">
<kw name="Gerar Email Aleatorio" owner="usuarios">
<kw name="Generate Random String" owner="String">
<msg time="2026-03-26T09:04:03.953852" level="INFO">${random} = YfMpZ</msg>
<var>${random}</var>
<arg>5</arg>
<arg>[LETTERS]</arg>
<doc>Generates a string with a desired ``length`` from the given ``chars``.</doc>
<status status="PASS" start="2026-03-26T09:04:03.953754" elapsed="0.000113"/>
</kw>
<kw name="Set Variable" owner="BuiltIn">
<msg time="2026-03-26T09:04:03.954186" level="INFO">${email} = user_YfMpZ@email.com</msg>
<var>${email}</var>
<arg>user_${random}@email.com</arg>
<doc>Returns the given values which can then be assigned to a variables.</doc>
<status status="PASS" start="2026-03-26T09:04:03.953972" elapsed="0.000233"/>
</kw>
<return>
<value>${email}</value>
<status status="PASS" start="2026-03-26T09:04:03.954236" elapsed="0.000023"/>
</return>
<msg time="2026-03-26T09:04:03.954327" level="INFO">${email} = user_YfMpZ@email.com</msg>
<var>${email}</var>
<doc>Gera um email aleatório para uso nos testes de criação de usuários:</doc>
<status status="PASS" start="2026-03-26T09:04:03.953626" elapsed="0.000716"/>
</kw>
<kw name="Criar Usuario" owner="usuarios">
<kw name="Generate Random String" owner="String">
<msg time="2026-03-26T09:04:03.954853" level="INFO">${random} = nXSZ</msg>
<var>${random}</var>
<arg>4</arg>
<arg>[LETTERS]</arg>
<doc>Generates a string with a desired ``length`` from the given ``chars``.</doc>
<status status="PASS" start="2026-03-26T09:04:03.954749" elapsed="0.000118"/>
</kw>
<kw name="Create Dictionary" owner="BuiltIn">
<msg time="2026-03-26T09:04:03.955229" level="INFO">${body} = {'nome': 'user', 'email': 'user_YfMpZ@email.com', 'password': 'password123', 'administrador': 'false'}</msg>
<var>${body}</var>
<arg>nome=${nome}</arg>
<arg>email=${email}</arg>
<arg>password=${senha}</arg>
<arg>administrador=${admin}</arg>
<doc>Creates and returns a dictionary based on the given ``items``.</doc>
<status status="PASS" start="2026-03-26T09:04:03.954937" elapsed="0.000308"/>
</kw>
<kw name="POST On Session" owner="RequestsLibrary">
<msg time="2026-03-26T09:04:04.850663" level="INFO">POST Request : url=https://compassuol.serverest.dev/usuarios 
 path_url=/usuarios 
 headers={'User-Agent': 'python-requests/2.32.5', 'Accept-Encoding': 'gzip, deflate, zstd', 'Accept': '*/*', 'Connection': 'keep-alive', 'Content-Length': '102', 'Content-Type': 'application/json'} 
 body=b'{"nome": "user", "email": "user_YfMpZ@email.com", "password": "password123", "administrador": "false"}' 
 </msg>
<msg time="2026-03-26T09:04:04.850735" level="INFO">POST Response : url=https://compassuol.serverest.dev/usuarios 
 status=201, reason=Created 
 headers={'access-control-allow-origin': '*', 'x-dns-prefetch-control': 'off', 'x-frame-options': 'SAMEORIGIN', 'strict-transport-security': 'max-age=15552000; includeSubDomains', 'x-download-options': 'noopen', 'x-content-type-options': 'nosniff', 'x-xss-protection': '1; mode=block', 'content-type': 'application/json; charset=utf-8', 'x-cloud-trace-context': 'f4d9dec0fbd890eb91c83d10ef037233', 'date': 'Thu, 26 Mar 2026 12:04:06 GMT', 'server': 'Google Frontend', 'Content-Length': '82'} 
 body={
    "message": "Cadastro realizado com sucesso",
    "_id": "hTW85XApoy56DPgr"
} 
 </msg>
<msg time="2026-03-26T09:04:04.850795" level="INFO">C:\Users\danis\AppData\Local\Programs\Python\Python314\Lib\site-packages\urllib3\connectionpool.py:1097: InsecureRequestWarning: Unverified HTTPS request is being made to host 'compassuol.serverest.dev'. Adding certificate verification is strongly advised. See: https://urllib3.readthedocs.io/en/latest/advanced-usage.html#tls-warnings
  warnings.warn(</msg>
<msg time="2026-03-26T09:04:04.851015" level="INFO">${response} = &lt;Response [201]&gt;</msg>
<var>${response}</var>
<arg>serverest</arg>
<arg>/usuarios</arg>
<arg>json=${body}</arg>
<arg>expected_status=any</arg>
<doc>Sends a POST request on a previously created HTTP Session.</doc>
<status status="PASS" start="2026-03-26T09:04:03.955322" elapsed="0.895719"/>
</kw>
<return>
<value>${response}</value>
<status status="PASS" start="2026-03-26T09:04:04.851096" elapsed="0.000037"/>
</return>
<msg time="2026-03-26T09:04:04.851224" level="INFO">${res} = &lt;Response [201]&gt;</msg>
<var>${res}</var>
<arg>user</arg>
<arg>${email}</arg>
<arg>${SENHA_USER}</arg>
<arg>false</arg>
<doc>Cria um usuário utilizando um nome, email, senha e status de administrador, retornando a resposta da requisição:</doc>
<status status="PASS" start="2026-03-26T09:04:03.954560" elapsed="0.896678"/>
</kw>
<kw name="Validar Usuario Cadastrado" owner="usuarios">
<kw name="Status Should Be" owner="RequestsLibrary">
<arg>201</arg>
<arg>${response}</arg>
<doc>Fails if response status code is different than the expected.</doc>
<status status="PASS" start="2026-03-26T09:04:04.851757" elapsed="0.000158"/>
</kw>
<arg>${res}</arg>
<doc>Valida se o usuário foi criado com sucesso, ataravés do status code da resposta:</doc>
<status status="PASS" start="2026-03-26T09:04:04.851444" elapsed="0.000516"/>
</kw>
<doc>Testa a criação de um usuário com dados válidos:</doc>
<status status="PASS" start="2026-03-26T09:04:03.953402" elapsed="0.898727"/>
</test>
<test id="s1-s4-t2" name="CT-U02 Criar usuário com email duplicado" line="18">
<kw name="Gerar Email Aleatorio" owner="usuarios">
<kw name="Generate Random String" owner="String">
<msg time="2026-03-26T09:04:04.852991" level="INFO">${random} = QEUwL</msg>
<var>${random}</var>
<arg>5</arg>
<arg>[LETTERS]</arg>
<doc>Generates a string with a desired ``length`` from the given ``chars``.</doc>
<status status="PASS" start="2026-03-26T09:04:04.852867" elapsed="0.000150"/>
</kw>
<kw name="Set Variable" owner="BuiltIn">
<msg time="2026-03-26T09:04:04.853277" level="INFO">${email} = user_QEUwL@email.com</msg>
<var>${email}</var>
<arg>user_${random}@email.com</arg>
<doc>Returns the given values which can then be assigned to a variables.</doc>
<status status="PASS" start="2026-03-26T09:04:04.853087" elapsed="0.000203"/>
</kw>
<return>
<value>${email}</value>
<status status="PASS" start="2026-03-26T09:04:04.853317" elapsed="0.000022"/>
</return>
<msg time="2026-03-26T09:04:04.853402" level="INFO">${email} = user_QEUwL@email.com</msg>
<var>${email}</var>
<doc>Gera um email aleatório para uso nos testes de criação de usuários:</doc>
<status status="PASS" start="2026-03-26T09:04:04.852716" elapsed="0.000698"/>
</kw>
<kw name="Criar Usuario" owner="usuarios">
<kw name="Generate Random String" owner="String">
<msg time="2026-03-26T09:04:04.853879" level="INFO">${random} = Fnke</msg>
<var>${random}</var>
<arg>4</arg>
<arg>[LETTERS]</arg>
<doc>Generates a string with a desired ``length`` from the given ``chars``.</doc>
<status status="PASS" start="2026-03-26T09:04:04.853786" elapsed="0.000107"/>
</kw>
<kw name="Create Dictionary" owner="BuiltIn">
<msg time="2026-03-26T09:04:04.854207" level="INFO">${body} = {'nome': 'user', 'email': 'user_QEUwL@email.com', 'password': 'password123', 'administrador': 'false'}</msg>
<var>${body}</var>
<arg>nome=${nome}</arg>
<arg>email=${email}</arg>
<arg>password=${senha}</arg>
<arg>administrador=${admin}</arg>
<doc>Creates and returns a dictionary based on the given ``items``.</doc>
<status status="PASS" start="2026-03-26T09:04:04.853955" elapsed="0.000266"/>
</kw>
<kw name="POST On Session" owner="RequestsLibrary">
<msg time="2026-03-26T09:04:05.028483" level="INFO">POST Request : url=https://compassuol.serverest.dev/usuarios 
 path_url=/usuarios 
 headers={'User-Agent': 'python-requests/2.32.5', 'Accept-Encoding': 'gzip, deflate, zstd', 'Accept': '*/*', 'Connection': 'keep-alive', 'Content-Length': '102', 'Content-Type': 'application/json'} 
 body=b'{"nome": "user", "email": "user_QEUwL@email.com", "password": "password123", "administrador": "false"}' 
 </msg>
<msg time="2026-03-26T09:04:05.028538" level="INFO">POST Response : url=https://compassuol.serverest.dev/usuarios 
 status=201, reason=Created 
 headers={'access-control-allow-origin': '*', 'x-dns-prefetch-control': 'off', 'x-frame-options': 'SAMEORIGIN', 'strict-transport-security': 'max-age=15552000; includeSubDomains', 'x-download-options': 'noopen', 'x-content-type-options': 'nosniff', 'x-xss-protection': '1; mode=block', 'content-type': 'application/json; charset=utf-8', 'x-cloud-trace-context': 'a03cb46026cc9c7b91c83d10ef037f57', 'date': 'Thu, 26 Mar 2026 12:04:06 GMT', 'server': 'Google Frontend', 'Content-Length': '82'} 
 body={
    "message": "Cadastro realizado com sucesso",
    "_id": "xEanMrKVRhXSwDgw"
} 
 </msg>
<msg time="2026-03-26T09:04:05.028574" level="INFO">C:\Users\danis\AppData\Local\Programs\Python\Python314\Lib\site-packages\urllib3\connectionpool.py:1097: InsecureRequestWarning: Unverified HTTPS request is being made to host 'compassuol.serverest.dev'. Adding certificate verification is strongly advised. See: https://urllib3.readthedocs.io/en/latest/advanced-usage.html#tls-warnings
  warnings.warn(</msg>
<msg time="2026-03-26T09:04:05.029024" level="INFO">${response} = &lt;Response [201]&gt;</msg>
<var>${response}</var>
<arg>serverest</arg>
<arg>/usuarios</arg>
<arg>json=${body}</arg>
<arg>expected_status=any</arg>
<doc>Sends a POST request on a previously created HTTP Session.</doc>
<status status="PASS" start="2026-03-26T09:04:04.854285" elapsed="0.174761"/>
</kw>
<return>
<value>${response}</value>
<status status="PASS" start="2026-03-26T09:04:05.029094" elapsed="0.000028"/>
</return>
<arg>user</arg>
<arg>${email}</arg>
<arg>${SENHA_USER}</arg>
<arg>false</arg>
<doc>Cria um usuário utilizando um nome, email, senha e status de administrador, retornando a resposta da requisição:</doc>
<status status="PASS" start="2026-03-26T09:04:04.853609" elapsed="0.175581"/>
</kw>
<kw name="Criar Usuario" owner="usuarios">
<kw name="Generate Random String" owner="String">
<msg time="2026-03-26T09:04:05.029658" level="INFO">${random} = PPqO</msg>
<var>${random}</var>
<arg>4</arg>
<arg>[LETTERS]</arg>
<doc>Generates a string with a desired ``length`` from the given ``chars``.</doc>
<status status="PASS" start="2026-03-26T09:04:05.029553" elapsed="0.000118"/>
</kw>
<kw name="Create Dictionary" owner="BuiltIn">
<msg time="2026-03-26T09:04:05.030078" level="INFO">${body} = {'nome': 'user2', 'email': 'user_QEUwL@email.com', 'password': 'password123', 'administrador': 'false'}</msg>
<var>${body}</var>
<arg>nome=${nome}</arg>
<arg>email=${email}</arg>
<arg>password=${senha}</arg>
<arg>administrador=${admin}</arg>
<doc>Creates and returns a dictionary based on the given ``items``.</doc>
<status status="PASS" start="2026-03-26T09:04:05.029814" elapsed="0.000280"/>
</kw>
<kw name="POST On Session" owner="RequestsLibrary">
<msg time="2026-03-26T09:04:05.202808" level="INFO">POST Request : url=https://compassuol.serverest.dev/usuarios 
 path_url=/usuarios 
 headers={'User-Agent': 'python-requests/2.32.5', 'Accept-Encoding': 'gzip, deflate, zstd', 'Accept': '*/*', 'Connection': 'keep-alive', 'Content-Length': '103', 'Content-Type': 'application/json'} 
 body=b'{"nome": "user2", "email": "user_QEUwL@email.com", "password": "password123", "administrador": "false"}' 
 </msg>
<msg time="2026-03-26T09:04:05.202866" level="INFO">POST Response : url=https://compassuol.serverest.dev/usuarios 
 status=400, reason=Bad Request 
 headers={'access-control-allow-origin': '*', 'x-dns-prefetch-control': 'off', 'x-frame-options': 'SAMEORIGIN', 'strict-transport-security': 'max-age=15552000; includeSubDomains', 'x-download-options': 'noopen', 'x-content-type-options': 'nosniff', 'x-xss-protection': '1; mode=block', 'content-type': 'application/json; charset=utf-8', 'x-cloud-trace-context': '0ebae68a51573beb91c83d10ef037c2f', 'date': 'Thu, 26 Mar 2026 12:04:06 GMT', 'server': 'Google Frontend', 'Content-Length': '53'} 
 body={
    "message": "Este email já está sendo usado"
} 
 </msg>
<msg time="2026-03-26T09:04:05.202942" level="INFO">C:\Users\danis\AppData\Local\Programs\Python\Python314\Lib\site-packages\urllib3\connectionpool.py:1097: InsecureRequestWarning: Unverified HTTPS request is being made to host 'compassuol.serverest.dev'. Adding certificate verification is strongly advised. See: https://urllib3.readthedocs.io/en/latest/advanced-usage.html#tls-warnings
  warnings.warn(</msg>
<msg time="2026-03-26T09:04:05.203203" level="INFO">${response} = &lt;Response [400]&gt;</msg>
<var>${response}</var>
<arg>serverest</arg>
<arg>/usuarios</arg>
<arg>json=${body}</arg>
<arg>expected_status=any</arg>
<doc>Sends a POST request on a previously created HTTP Session.</doc>
<status status="PASS" start="2026-03-26T09:04:05.030158" elapsed="0.173068"/>
</kw>
<return>
<value>${response}</value>
<status status="PASS" start="2026-03-26T09:04:05.203275" elapsed="0.000029"/>
</return>
<msg time="2026-03-26T09:04:05.203387" level="INFO">${res} = &lt;Response [400]&gt;</msg>
<var>${res}</var>
<arg>user2</arg>
<arg>${email}</arg>
<arg>${SENHA_USER}</arg>
<arg>false</arg>
<doc>Cria um usuário utilizando um nome, email, senha e status de administrador, retornando a resposta da requisição:</doc>
<status status="PASS" start="2026-03-26T09:04:05.029356" elapsed="0.174044"/>
</kw>
<kw name="Validar Email Duplicado" owner="usuarios">
<kw name="Status Should Be" owner="RequestsLibrary">
<arg>400</arg>
<arg>${response}</arg>
<doc>Fails if response status code is different than the expected.</doc>
<status status="PASS" start="2026-03-26T09:04:05.203764" elapsed="0.000097"/>
</kw>
<arg>${res}</arg>
<doc>Valida se a criação do usuário falhou devido a um email duplicado, através do status code da resposta:</doc>
<status status="PASS" start="2026-03-26T09:04:05.203591" elapsed="0.000303"/>
</kw>
<doc>Testa a criação de um usuário utilizando um email duplicado:</doc>
<status status="PASS" start="2026-03-26T09:04:04.852378" elapsed="0.351726"/>
</test>
<test id="s1-s4-t3" name="CT-U03 Cadastro com campos vazios" line="27">
<kw name="Gerar Email Aleatorio" owner="usuarios">
<kw name="Generate Random String" owner="String">
<msg time="2026-03-26T09:04:05.204887" level="INFO">${random} = JqjBC</msg>
<var>${random}</var>
<arg>5</arg>
<arg>[LETTERS]</arg>
<doc>Generates a string with a desired ``length`` from the given ``chars``.</doc>
<status status="PASS" start="2026-03-26T09:04:05.204778" elapsed="0.000125"/>
</kw>
<kw name="Set Variable" owner="BuiltIn">
<msg time="2026-03-26T09:04:05.205147" level="INFO">${email} = user_JqjBC@email.com</msg>
<var>${email}</var>
<arg>user_${random}@email.com</arg>
<doc>Returns the given values which can then be assigned to a variables.</doc>
<status status="PASS" start="2026-03-26T09:04:05.204966" elapsed="0.000195"/>
</kw>
<return>
<value>${email}</value>
<status status="PASS" start="2026-03-26T09:04:05.205188" elapsed="0.000020"/>
</return>
<msg time="2026-03-26T09:04:05.205269" level="INFO">${email} = user_JqjBC@email.com</msg>
<var>${email}</var>
<doc>Gera um email aleatório para uso nos testes de criação de usuários:</doc>
<status status="PASS" start="2026-03-26T09:04:05.204651" elapsed="0.000630"/>
</kw>
<kw name="Criar Usuario" owner="usuarios">
<kw name="Generate Random String" owner="String">
<msg time="2026-03-26T09:04:05.205774" level="INFO">${random} = DRUJ</msg>
<var>${random}</var>
<arg>4</arg>
<arg>[LETTERS]</arg>
<doc>Generates a string with a desired ``length`` from the given ``chars``.</doc>
<status status="PASS" start="2026-03-26T09:04:05.205680" elapsed="0.000107"/>
</kw>
<kw name="Create Dictionary" owner="BuiltIn">
<msg time="2026-03-26T09:04:05.206085" level="INFO">${body} = {'nome': "''", 'email': 'user_JqjBC@email.com', 'password': "''", 'administrador': 'false'}</msg>
<var>${body}</var>
<arg>nome=${nome}</arg>
<arg>email=${email}</arg>
<arg>password=${senha}</arg>
<arg>administrador=${admin}</arg>
<doc>Creates and returns a dictionary based on the given ``items``.</doc>
<status status="PASS" start="2026-03-26T09:04:05.205848" elapsed="0.000251"/>
</kw>
<kw name="POST On Session" owner="RequestsLibrary">
<msg time="2026-03-26T09:04:05.373929" level="INFO">POST Request : url=https://compassuol.serverest.dev/usuarios 
 path_url=/usuarios 
 headers={'User-Agent': 'python-requests/2.32.5', 'Accept-Encoding': 'gzip, deflate, zstd', 'Accept': '*/*', 'Connection': 'keep-alive', 'Content-Length': '91', 'Content-Type': 'application/json'} 
 body=b'{"nome": "\'\'", "email": "user_JqjBC@email.com", "password": "\'\'", "administrador": "false"}' 
 </msg>
<msg time="2026-03-26T09:04:05.373984" level="INFO">POST Response : url=https://compassuol.serverest.dev/usuarios 
 status=201, reason=Created 
 headers={'access-control-allow-origin': '*', 'x-dns-prefetch-control': 'off', 'x-frame-options': 'SAMEORIGIN', 'strict-transport-security': 'max-age=15552000; includeSubDomains', 'x-download-options': 'noopen', 'x-content-type-options': 'nosniff', 'x-xss-protection': '1; mode=block', 'content-type': 'application/json; charset=utf-8', 'x-cloud-trace-context': 'edd9c0a7a559058f91c83d10ef037cd5', 'date': 'Thu, 26 Mar 2026 12:04:06 GMT', 'server': 'Google Frontend', 'Content-Length': '82'} 
 body={
    "message": "Cadastro realizado com sucesso",
    "_id": "fSXj4YTDm2ZpjGJZ"
} 
 </msg>
<msg time="2026-03-26T09:04:05.374021" level="INFO">C:\Users\danis\AppData\Local\Programs\Python\Python314\Lib\site-packages\urllib3\connectionpool.py:1097: InsecureRequestWarning: Unverified HTTPS request is being made to host 'compassuol.serverest.dev'. Adding certificate verification is strongly advised. See: https://urllib3.readthedocs.io/en/latest/advanced-usage.html#tls-warnings
  warnings.warn(</msg>
<msg time="2026-03-26T09:04:05.374468" level="INFO">${response} = &lt;Response [201]&gt;</msg>
<var>${response}</var>
<arg>serverest</arg>
<arg>/usuarios</arg>
<arg>json=${body}</arg>
<arg>expected_status=any</arg>
<doc>Sends a POST request on a previously created HTTP Session.</doc>
<status status="PASS" start="2026-03-26T09:04:05.206159" elapsed="0.168331"/>
</kw>
<return>
<value>${response}</value>
<status status="PASS" start="2026-03-26T09:04:05.374536" elapsed="0.000028"/>
</return>
<msg time="2026-03-26T09:04:05.374650" level="INFO">${res} = &lt;Response [201]&gt;</msg>
<var>${res}</var>
<arg>''</arg>
<arg>${email}</arg>
<arg>''</arg>
<arg>false</arg>
<doc>Cria um usuário utilizando um nome, email, senha e status de administrador, retornando a resposta da requisição:</doc>
<status status="PASS" start="2026-03-26T09:04:05.205518" elapsed="0.169246"/>
</kw>
<kw name="Validar Erro Campos Obrigatórios" owner="usuarios">
<kw name="Status Should Be" owner="RequestsLibrary">
<arg>201</arg>
<arg>${response}</arg>
<doc>Fails if response status code is different than the expected.</doc>
<status status="PASS" start="2026-03-26T09:04:05.375117" elapsed="0.000099"/>
</kw>
<arg>${res}</arg>
<doc>Valida se a criação do usuário falhou devido à ausência de campos obrigatórios, através do status code da resposta:</doc>
<status status="PASS" start="2026-03-26T09:04:05.374950" elapsed="0.000299"/>
</kw>
<doc>Testa a criação de um usuário contendo campos com strings vazias:</doc>
<status status="PASS" start="2026-03-26T09:04:05.204339" elapsed="0.170994"/>
</test>
<status status="PASS" start="2026-03-26T09:04:03.950869" elapsed="1.424828"/>
</suite>
<status status="PASS" start="2026-03-26T09:03:55.673050" elapsed="9.703134"/>
</suite>
<statistics>
<total>
<stat pass="13" fail="0" skip="0">All Tests</stat>
</total>
<tag>
</tag>
<suite>
<stat name="Tests" id="s1" pass="13" fail="0" skip="0">Tests</stat>
<stat name="Autenticacao" id="s1-s1" pass="3" fail="0" skip="0">Tests.Autenticacao</stat>
<stat name="Carrinhos" id="s1-s2" pass="3" fail="0" skip="0">Tests.Carrinhos</stat>
<stat name="Produtos" id="s1-s3" pass="4" fail="0" skip="0">Tests.Produtos</stat>
<stat name="Usuarios" id="s1-s4" pass="3" fail="0" skip="0">Tests.Usuarios</stat>
</suite>
</statistics>
<errors>
</errors>
</robot>
